2023-10-13 10:16:07,926 - root - INFO - Namespace(seed=0, data_name='culture', data_dir='datasets/', cf_batch_size=512, kg_batch_size=512, test_batch_size=10000, embed_dim=128, relation_dim=128, laplacian_type='random-walk', aggregation_type='bi-interaction', conv_dim_list='[64, 32, 16]', mess_dropout='[0.1, 0.1, 0.1]', kg_l2loss_lambda=1e-05, cf_l2loss_lambda=1e-05, lr=0.005, n_epoch=1000, stopping_steps=30, cf_print_every=1, kg_print_every=1, evaluate_every=10, Ks='[10, 20, 40, 80, 100]', save_dir='trained_model/culture')
2023-10-13 10:16:08,336 - root - INFO - n_users:           1835
2023-10-13 10:16:08,336 - root - INFO - n_items:           206
2023-10-13 10:16:08,337 - root - INFO - n_entities:        410
2023-10-13 10:16:08,338 - root - INFO - n_users_entities:  2245
2023-10-13 10:16:08,338 - root - INFO - n_relations:       24
2023-10-13 10:16:08,339 - root - INFO - n_h_list:          15046
2023-10-13 10:16:08,339 - root - INFO - n_t_list:          15046
2023-10-13 10:16:08,340 - root - INFO - n_r_list:          15046
2023-10-13 10:16:08,340 - root - INFO - n_cf_train:        5484
2023-10-13 10:16:08,340 - root - INFO - n_cf_test:         3661
2023-10-13 10:16:08,341 - root - INFO - n_kg_train:        15046
2023-10-13 10:16:09,244 - root - INFO - KGAT(
  (entity_user_embed): Embedding(2245, 128)
  (relation_embed): Embedding(24, 128)
  (aggregator_layers): ModuleList(
    (0): Aggregator(
      (message_dropout): Dropout(p=0.1, inplace=False)
      (activation): LeakyReLU(negative_slope=0.01)
      (linear1): Linear(in_features=128, out_features=64, bias=True)
      (linear2): Linear(in_features=128, out_features=64, bias=True)
    )
    (1): Aggregator(
      (message_dropout): Dropout(p=0.1, inplace=False)
      (activation): LeakyReLU(negative_slope=0.01)
      (linear1): Linear(in_features=64, out_features=32, bias=True)
      (linear2): Linear(in_features=64, out_features=32, bias=True)
    )
    (2): Aggregator(
      (message_dropout): Dropout(p=0.1, inplace=False)
      (activation): LeakyReLU(negative_slope=0.01)
      (linear1): Linear(in_features=32, out_features=16, bias=True)
      (linear2): Linear(in_features=32, out_features=16, bias=True)
    )
  )
)
2023-10-13 10:16:10,101 - root - INFO - CF Training: Epoch 0001 Iter 0001 / 0011 | Time 0.9s | Iter Loss 0.6845 | Iter Mean Loss 0.6845
2023-10-13 10:16:10,135 - root - INFO - CF Training: Epoch 0001 Iter 0002 / 0011 | Time 0.0s | Iter Loss 0.6033 | Iter Mean Loss 0.6439
2023-10-13 10:16:10,164 - root - INFO - CF Training: Epoch 0001 Iter 0003 / 0011 | Time 0.0s | Iter Loss 0.4918 | Iter Mean Loss 0.5932
2023-10-13 10:16:10,186 - root - INFO - CF Training: Epoch 0001 Iter 0004 / 0011 | Time 0.0s | Iter Loss 0.4141 | Iter Mean Loss 0.5484
2023-10-13 10:16:10,207 - root - INFO - CF Training: Epoch 0001 Iter 0005 / 0011 | Time 0.0s | Iter Loss 0.3977 | Iter Mean Loss 0.5183
2023-10-13 10:16:10,229 - root - INFO - CF Training: Epoch 0001 Iter 0006 / 0011 | Time 0.0s | Iter Loss 0.3758 | Iter Mean Loss 0.4945
2023-10-13 10:16:10,263 - root - INFO - CF Training: Epoch 0001 Iter 0007 / 0011 | Time 0.0s | Iter Loss 0.3662 | Iter Mean Loss 0.4762
2023-10-13 10:16:10,300 - root - INFO - CF Training: Epoch 0001 Iter 0008 / 0011 | Time 0.0s | Iter Loss 0.3471 | Iter Mean Loss 0.4601
2023-10-13 10:16:10,325 - root - INFO - CF Training: Epoch 0001 Iter 0009 / 0011 | Time 0.0s | Iter Loss 0.3483 | Iter Mean Loss 0.4477
2023-10-13 10:16:10,358 - root - INFO - CF Training: Epoch 0001 Iter 0010 / 0011 | Time 0.0s | Iter Loss 0.3439 | Iter Mean Loss 0.4373
2023-10-13 10:16:10,379 - root - INFO - CF Training: Epoch 0001 Iter 0011 / 0011 | Time 0.0s | Iter Loss 0.3446 | Iter Mean Loss 0.4289
2023-10-13 10:16:10,379 - root - INFO - CF Training: Epoch 0001 Total Iter 0011 | Total Time 1.1s | Iter Mean Loss 0.4289
2023-10-13 10:16:10,392 - root - INFO - KG Training: Epoch 0001 Iter 0001 / 0030 | Time 0.0s | Iter Loss 0.6938 | Iter Mean Loss 0.6938
2023-10-13 10:16:10,410 - root - INFO - KG Training: Epoch 0001 Iter 0002 / 0030 | Time 0.0s | Iter Loss 0.6564 | Iter Mean Loss 0.6751
2023-10-13 10:16:10,422 - root - INFO - KG Training: Epoch 0001 Iter 0003 / 0030 | Time 0.0s | Iter Loss 0.6128 | Iter Mean Loss 0.6543
2023-10-13 10:16:10,433 - root - INFO - KG Training: Epoch 0001 Iter 0004 / 0030 | Time 0.0s | Iter Loss 0.5247 | Iter Mean Loss 0.6219
2023-10-13 10:16:10,444 - root - INFO - KG Training: Epoch 0001 Iter 0005 / 0030 | Time 0.0s | Iter Loss 0.4326 | Iter Mean Loss 0.5841
2023-10-13 10:16:10,455 - root - INFO - KG Training: Epoch 0001 Iter 0006 / 0030 | Time 0.0s | Iter Loss 0.3640 | Iter Mean Loss 0.5474
2023-10-13 10:16:10,481 - root - INFO - KG Training: Epoch 0001 Iter 0007 / 0030 | Time 0.0s | Iter Loss 0.3462 | Iter Mean Loss 0.5186
2023-10-13 10:16:10,497 - root - INFO - KG Training: Epoch 0001 Iter 0008 / 0030 | Time 0.0s | Iter Loss 0.3013 | Iter Mean Loss 0.4915
2023-10-13 10:16:10,509 - root - INFO - KG Training: Epoch 0001 Iter 0009 / 0030 | Time 0.0s | Iter Loss 0.2799 | Iter Mean Loss 0.4680
2023-10-13 10:16:10,520 - root - INFO - KG Training: Epoch 0001 Iter 0010 / 0030 | Time 0.0s | Iter Loss 0.2882 | Iter Mean Loss 0.4500
2023-10-13 10:16:10,531 - root - INFO - KG Training: Epoch 0001 Iter 0011 / 0030 | Time 0.0s | Iter Loss 0.2690 | Iter Mean Loss 0.4335
2023-10-13 10:16:10,542 - root - INFO - KG Training: Epoch 0001 Iter 0012 / 0030 | Time 0.0s | Iter Loss 0.2353 | Iter Mean Loss 0.4170
2023-10-13 10:16:10,553 - root - INFO - KG Training: Epoch 0001 Iter 0013 / 0030 | Time 0.0s | Iter Loss 0.2497 | Iter Mean Loss 0.4041
2023-10-13 10:16:10,564 - root - INFO - KG Training: Epoch 0001 Iter 0014 / 0030 | Time 0.0s | Iter Loss 0.2168 | Iter Mean Loss 0.3908
2023-10-13 10:16:10,587 - root - INFO - KG Training: Epoch 0001 Iter 0015 / 0030 | Time 0.0s | Iter Loss 0.1933 | Iter Mean Loss 0.3776
2023-10-13 10:16:10,605 - root - INFO - KG Training: Epoch 0001 Iter 0016 / 0030 | Time 0.0s | Iter Loss 0.1948 | Iter Mean Loss 0.3662
2023-10-13 10:16:10,617 - root - INFO - KG Training: Epoch 0001 Iter 0017 / 0030 | Time 0.0s | Iter Loss 0.1831 | Iter Mean Loss 0.3554
2023-10-13 10:16:10,630 - root - INFO - KG Training: Epoch 0001 Iter 0018 / 0030 | Time 0.0s | Iter Loss 0.1620 | Iter Mean Loss 0.3447
2023-10-13 10:16:10,654 - root - INFO - KG Training: Epoch 0001 Iter 0019 / 0030 | Time 0.0s | Iter Loss 0.1345 | Iter Mean Loss 0.3336
2023-10-13 10:16:10,673 - root - INFO - KG Training: Epoch 0001 Iter 0020 / 0030 | Time 0.0s | Iter Loss 0.1656 | Iter Mean Loss 0.3252
2023-10-13 10:16:10,692 - root - INFO - KG Training: Epoch 0001 Iter 0021 / 0030 | Time 0.0s | Iter Loss 0.1653 | Iter Mean Loss 0.3176
2023-10-13 10:16:10,705 - root - INFO - KG Training: Epoch 0001 Iter 0022 / 0030 | Time 0.0s | Iter Loss 0.1362 | Iter Mean Loss 0.3093
2023-10-13 10:16:10,717 - root - INFO - KG Training: Epoch 0001 Iter 0023 / 0030 | Time 0.0s | Iter Loss 0.1452 | Iter Mean Loss 0.3022
2023-10-13 10:16:10,728 - root - INFO - KG Training: Epoch 0001 Iter 0024 / 0030 | Time 0.0s | Iter Loss 0.1131 | Iter Mean Loss 0.2943
2023-10-13 10:16:10,738 - root - INFO - KG Training: Epoch 0001 Iter 0025 / 0030 | Time 0.0s | Iter Loss 0.1274 | Iter Mean Loss 0.2877
2023-10-13 10:16:10,749 - root - INFO - KG Training: Epoch 0001 Iter 0026 / 0030 | Time 0.0s | Iter Loss 0.1074 | Iter Mean Loss 0.2807
2023-10-13 10:16:10,760 - root - INFO - KG Training: Epoch 0001 Iter 0027 / 0030 | Time 0.0s | Iter Loss 0.0947 | Iter Mean Loss 0.2738
2023-10-13 10:16:10,771 - root - INFO - KG Training: Epoch 0001 Iter 0028 / 0030 | Time 0.0s | Iter Loss 0.0993 | Iter Mean Loss 0.2676
2023-10-13 10:16:10,797 - root - INFO - KG Training: Epoch 0001 Iter 0029 / 0030 | Time 0.0s | Iter Loss 0.1156 | Iter Mean Loss 0.2624
2023-10-13 10:16:10,813 - root - INFO - KG Training: Epoch 0001 Iter 0030 / 0030 | Time 0.0s | Iter Loss 0.0977 | Iter Mean Loss 0.2569
2023-10-13 10:16:10,814 - root - INFO - KG Training: Epoch 0001 Total Iter 0030 | Total Time 0.4s | Iter Mean Loss 0.2569
2023-10-13 10:16:10,823 - root - INFO - Update Attention: Epoch 0001 | Total Time 0.0s
2023-10-13 10:16:10,824 - root - INFO - CF + KG Training: Epoch 0001 | Total Time 1.6s
2023-10-13 10:16:10,844 - root - INFO - CF Training: Epoch 0002 Iter 0001 / 0011 | Time 0.0s | Iter Loss 0.3637 | Iter Mean Loss 0.3637
2023-10-13 10:16:10,865 - root - INFO - CF Training: Epoch 0002 Iter 0002 / 0011 | Time 0.0s | Iter Loss 0.3647 | Iter Mean Loss 0.3642
2023-10-13 10:16:10,888 - root - INFO - CF Training: Epoch 0002 Iter 0003 / 0011 | Time 0.0s | Iter Loss 0.3289 | Iter Mean Loss 0.3524
2023-10-13 10:16:10,909 - root - INFO - CF Training: Epoch 0002 Iter 0004 / 0011 | Time 0.0s | Iter Loss 0.3372 | Iter Mean Loss 0.3486
2023-10-13 10:16:10,931 - root - INFO - CF Training: Epoch 0002 Iter 0005 / 0011 | Time 0.0s | Iter Loss 0.3341 | Iter Mean Loss 0.3457
2023-10-13 10:16:10,955 - root - INFO - CF Training: Epoch 0002 Iter 0006 / 0011 | Time 0.0s | Iter Loss 0.2994 | Iter Mean Loss 0.3380
2023-10-13 10:16:10,978 - root - INFO - CF Training: Epoch 0002 Iter 0007 / 0011 | Time 0.0s | Iter Loss 0.2991 | Iter Mean Loss 0.3324
2023-10-13 10:16:10,999 - root - INFO - CF Training: Epoch 0002 Iter 0008 / 0011 | Time 0.0s | Iter Loss 0.2997 | Iter Mean Loss 0.3283
2023-10-13 10:16:11,021 - root - INFO - CF Training: Epoch 0002 Iter 0009 / 0011 | Time 0.0s | Iter Loss 0.2894 | Iter Mean Loss 0.3240
2023-10-13 10:16:11,044 - root - INFO - CF Training: Epoch 0002 Iter 0010 / 0011 | Time 0.0s | Iter Loss 0.2822 | Iter Mean Loss 0.3198
2023-10-13 10:16:11,068 - root - INFO - CF Training: Epoch 0002 Iter 0011 / 0011 | Time 0.0s | Iter Loss 0.2904 | Iter Mean Loss 0.3172
2023-10-13 10:16:11,069 - root - INFO - CF Training: Epoch 0002 Total Iter 0011 | Total Time 0.2s | Iter Mean Loss 0.3172
2023-10-13 10:16:11,084 - root - INFO - KG Training: Epoch 0002 Iter 0001 / 0030 | Time 0.0s | Iter Loss 0.0800 | Iter Mean Loss 0.0800
2023-10-13 10:16:11,098 - root - INFO - KG Training: Epoch 0002 Iter 0002 / 0030 | Time 0.0s | Iter Loss 0.0831 | Iter Mean Loss 0.0816
2023-10-13 10:16:11,110 - root - INFO - KG Training: Epoch 0002 Iter 0003 / 0030 | Time 0.0s | Iter Loss 0.0731 | Iter Mean Loss 0.0787
2023-10-13 10:16:11,138 - root - INFO - KG Training: Epoch 0002 Iter 0004 / 0030 | Time 0.0s | Iter Loss 0.0785 | Iter Mean Loss 0.0787
2023-10-13 10:16:11,155 - root - INFO - KG Training: Epoch 0002 Iter 0005 / 0030 | Time 0.0s | Iter Loss 0.0638 | Iter Mean Loss 0.0757
2023-10-13 10:16:11,182 - root - INFO - KG Training: Epoch 0002 Iter 0006 / 0030 | Time 0.0s | Iter Loss 0.0851 | Iter Mean Loss 0.0773
2023-10-13 10:16:11,200 - root - INFO - KG Training: Epoch 0002 Iter 0007 / 0030 | Time 0.0s | Iter Loss 0.0867 | Iter Mean Loss 0.0786
2023-10-13 10:16:11,225 - root - INFO - KG Training: Epoch 0002 Iter 0008 / 0030 | Time 0.0s | Iter Loss 0.0784 | Iter Mean Loss 0.0786
2023-10-13 10:16:11,241 - root - INFO - KG Training: Epoch 0002 Iter 0009 / 0030 | Time 0.0s | Iter Loss 0.1056 | Iter Mean Loss 0.0816
2023-10-13 10:16:11,254 - root - INFO - KG Training: Epoch 0002 Iter 0010 / 0030 | Time 0.0s | Iter Loss 0.0716 | Iter Mean Loss 0.0806
2023-10-13 10:16:11,275 - root - INFO - KG Training: Epoch 0002 Iter 0011 / 0030 | Time 0.0s | Iter Loss 0.0866 | Iter Mean Loss 0.0811
2023-10-13 10:16:11,289 - root - INFO - KG Training: Epoch 0002 Iter 0012 / 0030 | Time 0.0s | Iter Loss 0.0984 | Iter Mean Loss 0.0826
2023-10-13 10:16:11,314 - root - INFO - KG Training: Epoch 0002 Iter 0013 / 0030 | Time 0.0s | Iter Loss 0.0577 | Iter Mean Loss 0.0807
2023-10-13 10:16:11,329 - root - INFO - KG Training: Epoch 0002 Iter 0014 / 0030 | Time 0.0s | Iter Loss 0.0461 | Iter Mean Loss 0.0782
2023-10-13 10:16:11,343 - root - INFO - KG Training: Epoch 0002 Iter 0015 / 0030 | Time 0.0s | Iter Loss 0.0917 | Iter Mean Loss 0.0791
2023-10-13 10:16:11,363 - root - INFO - KG Training: Epoch 0002 Iter 0016 / 0030 | Time 0.0s | Iter Loss 0.0539 | Iter Mean Loss 0.0775
2023-10-13 10:16:11,381 - root - INFO - KG Training: Epoch 0002 Iter 0017 / 0030 | Time 0.0s | Iter Loss 0.0865 | Iter Mean Loss 0.0781
2023-10-13 10:16:11,399 - root - INFO - KG Training: Epoch 0002 Iter 0018 / 0030 | Time 0.0s | Iter Loss 0.0551 | Iter Mean Loss 0.0768
2023-10-13 10:16:11,414 - root - INFO - KG Training: Epoch 0002 Iter 0019 / 0030 | Time 0.0s | Iter Loss 0.0486 | Iter Mean Loss 0.0753
2023-10-13 10:16:11,426 - root - INFO - KG Training: Epoch 0002 Iter 0020 / 0030 | Time 0.0s | Iter Loss 0.0650 | Iter Mean Loss 0.0748
2023-10-13 10:16:11,438 - root - INFO - KG Training: Epoch 0002 Iter 0021 / 0030 | Time 0.0s | Iter Loss 0.0609 | Iter Mean Loss 0.0741
2023-10-13 10:16:11,465 - root - INFO - KG Training: Epoch 0002 Iter 0022 / 0030 | Time 0.0s | Iter Loss 0.0545 | Iter Mean Loss 0.0732
2023-10-13 10:16:11,481 - root - INFO - KG Training: Epoch 0002 Iter 0023 / 0030 | Time 0.0s | Iter Loss 0.0603 | Iter Mean Loss 0.0727
2023-10-13 10:16:11,494 - root - INFO - KG Training: Epoch 0002 Iter 0024 / 0030 | Time 0.0s | Iter Loss 0.0607 | Iter Mean Loss 0.0722
2023-10-13 10:16:11,505 - root - INFO - KG Training: Epoch 0002 Iter 0025 / 0030 | Time 0.0s | Iter Loss 0.0689 | Iter Mean Loss 0.0720
2023-10-13 10:16:11,531 - root - INFO - KG Training: Epoch 0002 Iter 0026 / 0030 | Time 0.0s | Iter Loss 0.0650 | Iter Mean Loss 0.0718
2023-10-13 10:16:11,545 - root - INFO - KG Training: Epoch 0002 Iter 0027 / 0030 | Time 0.0s | Iter Loss 0.0646 | Iter Mean Loss 0.0715
2023-10-13 10:16:11,570 - root - INFO - KG Training: Epoch 0002 Iter 0028 / 0030 | Time 0.0s | Iter Loss 0.0423 | Iter Mean Loss 0.0705
2023-10-13 10:16:11,585 - root - INFO - KG Training: Epoch 0002 Iter 0029 / 0030 | Time 0.0s | Iter Loss 0.0348 | Iter Mean Loss 0.0692
2023-10-13 10:16:11,599 - root - INFO - KG Training: Epoch 0002 Iter 0030 / 0030 | Time 0.0s | Iter Loss 0.0469 | Iter Mean Loss 0.0685
2023-10-13 10:16:11,599 - root - INFO - KG Training: Epoch 0002 Total Iter 0030 | Total Time 0.5s | Iter Mean Loss 0.0685
2023-10-13 10:16:11,613 - root - INFO - Update Attention: Epoch 0002 | Total Time 0.0s
2023-10-13 10:16:11,614 - root - INFO - CF + KG Training: Epoch 0002 | Total Time 0.8s
2023-10-13 10:16:11,636 - root - INFO - CF Training: Epoch 0003 Iter 0001 / 0011 | Time 0.0s | Iter Loss 0.2935 | Iter Mean Loss 0.2935
2023-10-13 10:16:11,668 - root - INFO - CF Training: Epoch 0003 Iter 0002 / 0011 | Time 0.0s | Iter Loss 0.3006 | Iter Mean Loss 0.2971
2023-10-13 10:16:11,692 - root - INFO - CF Training: Epoch 0003 Iter 0003 / 0011 | Time 0.0s | Iter Loss 0.3062 | Iter Mean Loss 0.3001
2023-10-13 10:16:11,716 - root - INFO - CF Training: Epoch 0003 Iter 0004 / 0011 | Time 0.0s | Iter Loss 0.3110 | Iter Mean Loss 0.3028
2023-10-13 10:16:11,749 - root - INFO - CF Training: Epoch 0003 Iter 0005 / 0011 | Time 0.0s | Iter Loss 0.2860 | Iter Mean Loss 0.2995
2023-10-13 10:16:11,782 - root - INFO - CF Training: Epoch 0003 Iter 0006 / 0011 | Time 0.0s | Iter Loss 0.2825 | Iter Mean Loss 0.2966
2023-10-13 10:16:11,809 - root - INFO - CF Training: Epoch 0003 Iter 0007 / 0011 | Time 0.0s | Iter Loss 0.2870 | Iter Mean Loss 0.2952
2023-10-13 10:16:11,844 - root - INFO - CF Training: Epoch 0003 Iter 0008 / 0011 | Time 0.0s | Iter Loss 0.2802 | Iter Mean Loss 0.2934
2023-10-13 10:16:11,874 - root - INFO - CF Training: Epoch 0003 Iter 0009 / 0011 | Time 0.0s | Iter Loss 0.2776 | Iter Mean Loss 0.2916
2023-10-13 10:16:11,906 - root - INFO - CF Training: Epoch 0003 Iter 0010 / 0011 | Time 0.0s | Iter Loss 0.2587 | Iter Mean Loss 0.2883
2023-10-13 10:16:11,940 - root - INFO - CF Training: Epoch 0003 Iter 0011 / 0011 | Time 0.0s | Iter Loss 0.2620 | Iter Mean Loss 0.2859
2023-10-13 10:16:11,941 - root - INFO - CF Training: Epoch 0003 Total Iter 0011 | Total Time 0.3s | Iter Mean Loss 0.2859
2023-10-13 10:16:11,967 - root - INFO - KG Training: Epoch 0003 Iter 0001 / 0030 | Time 0.0s | Iter Loss 0.0441 | Iter Mean Loss 0.0441
2023-10-13 10:16:11,983 - root - INFO - KG Training: Epoch 0003 Iter 0002 / 0030 | Time 0.0s | Iter Loss 0.0542 | Iter Mean Loss 0.0492
2023-10-13 10:16:11,997 - root - INFO - KG Training: Epoch 0003 Iter 0003 / 0030 | Time 0.0s | Iter Loss 0.0523 | Iter Mean Loss 0.0502
2023-10-13 10:16:12,009 - root - INFO - KG Training: Epoch 0003 Iter 0004 / 0030 | Time 0.0s | Iter Loss 0.0946 | Iter Mean Loss 0.0613
2023-10-13 10:16:12,021 - root - INFO - KG Training: Epoch 0003 Iter 0005 / 0030 | Time 0.0s | Iter Loss 0.0508 | Iter Mean Loss 0.0592
2023-10-13 10:16:12,033 - root - INFO - KG Training: Epoch 0003 Iter 0006 / 0030 | Time 0.0s | Iter Loss 0.0488 | Iter Mean Loss 0.0575
2023-10-13 10:16:12,045 - root - INFO - KG Training: Epoch 0003 Iter 0007 / 0030 | Time 0.0s | Iter Loss 0.0679 | Iter Mean Loss 0.0590
2023-10-13 10:16:12,057 - root - INFO - KG Training: Epoch 0003 Iter 0008 / 0030 | Time 0.0s | Iter Loss 0.0760 | Iter Mean Loss 0.0611
2023-10-13 10:16:12,069 - root - INFO - KG Training: Epoch 0003 Iter 0009 / 0030 | Time 0.0s | Iter Loss 0.0493 | Iter Mean Loss 0.0598
2023-10-13 10:16:12,081 - root - INFO - KG Training: Epoch 0003 Iter 0010 / 0030 | Time 0.0s | Iter Loss 0.0585 | Iter Mean Loss 0.0597
2023-10-13 10:16:12,093 - root - INFO - KG Training: Epoch 0003 Iter 0011 / 0030 | Time 0.0s | Iter Loss 0.0499 | Iter Mean Loss 0.0588
2023-10-13 10:16:12,105 - root - INFO - KG Training: Epoch 0003 Iter 0012 / 0030 | Time 0.0s | Iter Loss 0.0536 | Iter Mean Loss 0.0583
2023-10-13 10:16:12,117 - root - INFO - KG Training: Epoch 0003 Iter 0013 / 0030 | Time 0.0s | Iter Loss 0.0565 | Iter Mean Loss 0.0582
2023-10-13 10:16:12,129 - root - INFO - KG Training: Epoch 0003 Iter 0014 / 0030 | Time 0.0s | Iter Loss 0.0529 | Iter Mean Loss 0.0578
2023-10-13 10:16:12,140 - root - INFO - KG Training: Epoch 0003 Iter 0015 / 0030 | Time 0.0s | Iter Loss 0.0623 | Iter Mean Loss 0.0581
2023-10-13 10:16:12,152 - root - INFO - KG Training: Epoch 0003 Iter 0016 / 0030 | Time 0.0s | Iter Loss 0.0382 | Iter Mean Loss 0.0569
2023-10-13 10:16:12,164 - root - INFO - KG Training: Epoch 0003 Iter 0017 / 0030 | Time 0.0s | Iter Loss 0.0637 | Iter Mean Loss 0.0573
2023-10-13 10:16:12,176 - root - INFO - KG Training: Epoch 0003 Iter 0018 / 0030 | Time 0.0s | Iter Loss 0.0636 | Iter Mean Loss 0.0576
2023-10-13 10:16:12,188 - root - INFO - KG Training: Epoch 0003 Iter 0019 / 0030 | Time 0.0s | Iter Loss 0.0432 | Iter Mean Loss 0.0569
2023-10-13 10:16:12,200 - root - INFO - KG Training: Epoch 0003 Iter 0020 / 0030 | Time 0.0s | Iter Loss 0.0562 | Iter Mean Loss 0.0568
2023-10-13 10:16:12,212 - root - INFO - KG Training: Epoch 0003 Iter 0021 / 0030 | Time 0.0s | Iter Loss 0.0463 | Iter Mean Loss 0.0563
2023-10-13 10:16:12,224 - root - INFO - KG Training: Epoch 0003 Iter 0022 / 0030 | Time 0.0s | Iter Loss 0.0399 | Iter Mean Loss 0.0556
2023-10-13 10:16:12,235 - root - INFO - KG Training: Epoch 0003 Iter 0023 / 0030 | Time 0.0s | Iter Loss 0.0615 | Iter Mean Loss 0.0558
2023-10-13 10:16:12,261 - root - INFO - KG Training: Epoch 0003 Iter 0024 / 0030 | Time 0.0s | Iter Loss 0.0538 | Iter Mean Loss 0.0558
2023-10-13 10:16:12,281 - root - INFO - KG Training: Epoch 0003 Iter 0025 / 0030 | Time 0.0s | Iter Loss 0.0981 | Iter Mean Loss 0.0575
2023-10-13 10:16:12,295 - root - INFO - KG Training: Epoch 0003 Iter 0026 / 0030 | Time 0.0s | Iter Loss 0.0403 | Iter Mean Loss 0.0568
2023-10-13 10:16:12,321 - root - INFO - KG Training: Epoch 0003 Iter 0027 / 0030 | Time 0.0s | Iter Loss 0.0638 | Iter Mean Loss 0.0571
2023-10-13 10:16:12,337 - root - INFO - KG Training: Epoch 0003 Iter 0028 / 0030 | Time 0.0s | Iter Loss 0.0661 | Iter Mean Loss 0.0574
2023-10-13 10:16:12,349 - root - INFO - KG Training: Epoch 0003 Iter 0029 / 0030 | Time 0.0s | Iter Loss 0.0647 | Iter Mean Loss 0.0576
2023-10-13 10:16:12,361 - root - INFO - KG Training: Epoch 0003 Iter 0030 / 0030 | Time 0.0s | Iter Loss 0.0404 | Iter Mean Loss 0.0571
2023-10-13 10:16:12,362 - root - INFO - KG Training: Epoch 0003 Total Iter 0030 | Total Time 0.4s | Iter Mean Loss 0.0571
2023-10-13 10:16:12,370 - root - INFO - Update Attention: Epoch 0003 | Total Time 0.0s
2023-10-13 10:16:12,370 - root - INFO - CF + KG Training: Epoch 0003 | Total Time 0.8s
2023-10-13 10:16:12,391 - root - INFO - CF Training: Epoch 0004 Iter 0001 / 0011 | Time 0.0s | Iter Loss 0.3078 | Iter Mean Loss 0.3078
2023-10-13 10:16:12,412 - root - INFO - CF Training: Epoch 0004 Iter 0002 / 0011 | Time 0.0s | Iter Loss 0.2879 | Iter Mean Loss 0.2978
2023-10-13 10:16:12,434 - root - INFO - CF Training: Epoch 0004 Iter 0003 / 0011 | Time 0.0s | Iter Loss 0.2647 | Iter Mean Loss 0.2868
2023-10-13 10:16:12,454 - root - INFO - CF Training: Epoch 0004 Iter 0004 / 0011 | Time 0.0s | Iter Loss 0.2722 | Iter Mean Loss 0.2831
2023-10-13 10:16:12,490 - root - INFO - CF Training: Epoch 0004 Iter 0005 / 0011 | Time 0.0s | Iter Loss 0.2615 | Iter Mean Loss 0.2788
2023-10-13 10:16:12,516 - root - INFO - CF Training: Epoch 0004 Iter 0006 / 0011 | Time 0.0s | Iter Loss 0.2858 | Iter Mean Loss 0.2800
2023-10-13 10:16:12,537 - root - INFO - CF Training: Epoch 0004 Iter 0007 / 0011 | Time 0.0s | Iter Loss 0.2526 | Iter Mean Loss 0.2761
2023-10-13 10:16:12,558 - root - INFO - CF Training: Epoch 0004 Iter 0008 / 0011 | Time 0.0s | Iter Loss 0.2810 | Iter Mean Loss 0.2767
2023-10-13 10:16:12,580 - root - INFO - CF Training: Epoch 0004 Iter 0009 / 0011 | Time 0.0s | Iter Loss 0.2417 | Iter Mean Loss 0.2728
2023-10-13 10:16:12,603 - root - INFO - CF Training: Epoch 0004 Iter 0010 / 0011 | Time 0.0s | Iter Loss 0.2658 | Iter Mean Loss 0.2721
2023-10-13 10:16:12,625 - root - INFO - CF Training: Epoch 0004 Iter 0011 / 0011 | Time 0.0s | Iter Loss 0.2259 | Iter Mean Loss 0.2679
2023-10-13 10:16:12,626 - root - INFO - CF Training: Epoch 0004 Total Iter 0011 | Total Time 0.3s | Iter Mean Loss 0.2679
2023-10-13 10:16:12,640 - root - INFO - KG Training: Epoch 0004 Iter 0001 / 0030 | Time 0.0s | Iter Loss 0.0414 | Iter Mean Loss 0.0414
2023-10-13 10:16:12,652 - root - INFO - KG Training: Epoch 0004 Iter 0002 / 0030 | Time 0.0s | Iter Loss 0.0665 | Iter Mean Loss 0.0540
2023-10-13 10:16:12,664 - root - INFO - KG Training: Epoch 0004 Iter 0003 / 0030 | Time 0.0s | Iter Loss 0.0329 | Iter Mean Loss 0.0469
2023-10-13 10:16:12,676 - root - INFO - KG Training: Epoch 0004 Iter 0004 / 0030 | Time 0.0s | Iter Loss 0.0784 | Iter Mean Loss 0.0548
2023-10-13 10:16:12,688 - root - INFO - KG Training: Epoch 0004 Iter 0005 / 0030 | Time 0.0s | Iter Loss 0.0503 | Iter Mean Loss 0.0539
2023-10-13 10:16:12,699 - root - INFO - KG Training: Epoch 0004 Iter 0006 / 0030 | Time 0.0s | Iter Loss 0.0831 | Iter Mean Loss 0.0588
2023-10-13 10:16:12,711 - root - INFO - KG Training: Epoch 0004 Iter 0007 / 0030 | Time 0.0s | Iter Loss 0.0320 | Iter Mean Loss 0.0549
2023-10-13 10:16:12,723 - root - INFO - KG Training: Epoch 0004 Iter 0008 / 0030 | Time 0.0s | Iter Loss 0.0482 | Iter Mean Loss 0.0541
2023-10-13 10:16:12,734 - root - INFO - KG Training: Epoch 0004 Iter 0009 / 0030 | Time 0.0s | Iter Loss 0.0455 | Iter Mean Loss 0.0531
2023-10-13 10:16:12,746 - root - INFO - KG Training: Epoch 0004 Iter 0010 / 0030 | Time 0.0s | Iter Loss 0.0398 | Iter Mean Loss 0.0518
2023-10-13 10:16:12,758 - root - INFO - KG Training: Epoch 0004 Iter 0011 / 0030 | Time 0.0s | Iter Loss 0.0512 | Iter Mean Loss 0.0518
2023-10-13 10:16:12,771 - root - INFO - KG Training: Epoch 0004 Iter 0012 / 0030 | Time 0.0s | Iter Loss 0.0317 | Iter Mean Loss 0.0501
2023-10-13 10:16:12,797 - root - INFO - KG Training: Epoch 0004 Iter 0013 / 0030 | Time 0.0s | Iter Loss 0.0488 | Iter Mean Loss 0.0500
2023-10-13 10:16:12,813 - root - INFO - KG Training: Epoch 0004 Iter 0014 / 0030 | Time 0.0s | Iter Loss 0.0599 | Iter Mean Loss 0.0507
2023-10-13 10:16:12,826 - root - INFO - KG Training: Epoch 0004 Iter 0015 / 0030 | Time 0.0s | Iter Loss 0.0561 | Iter Mean Loss 0.0511
2023-10-13 10:16:12,836 - root - INFO - KG Training: Epoch 0004 Iter 0016 / 0030 | Time 0.0s | Iter Loss 0.0556 | Iter Mean Loss 0.0513
2023-10-13 10:16:12,849 - root - INFO - KG Training: Epoch 0004 Iter 0017 / 0030 | Time 0.0s | Iter Loss 0.0356 | Iter Mean Loss 0.0504
2023-10-13 10:16:12,861 - root - INFO - KG Training: Epoch 0004 Iter 0018 / 0030 | Time 0.0s | Iter Loss 0.0332 | Iter Mean Loss 0.0495
2023-10-13 10:16:12,872 - root - INFO - KG Training: Epoch 0004 Iter 0019 / 0030 | Time 0.0s | Iter Loss 0.0311 | Iter Mean Loss 0.0485
2023-10-13 10:16:12,884 - root - INFO - KG Training: Epoch 0004 Iter 0020 / 0030 | Time 0.0s | Iter Loss 0.0599 | Iter Mean Loss 0.0491
2023-10-13 10:16:12,896 - root - INFO - KG Training: Epoch 0004 Iter 0021 / 0030 | Time 0.0s | Iter Loss 0.0352 | Iter Mean Loss 0.0484
2023-10-13 10:16:12,908 - root - INFO - KG Training: Epoch 0004 Iter 0022 / 0030 | Time 0.0s | Iter Loss 0.0695 | Iter Mean Loss 0.0494
2023-10-13 10:16:12,921 - root - INFO - KG Training: Epoch 0004 Iter 0023 / 0030 | Time 0.0s | Iter Loss 0.0481 | Iter Mean Loss 0.0493
2023-10-13 10:16:12,942 - root - INFO - KG Training: Epoch 0004 Iter 0024 / 0030 | Time 0.0s | Iter Loss 0.0254 | Iter Mean Loss 0.0483
2023-10-13 10:16:12,955 - root - INFO - KG Training: Epoch 0004 Iter 0025 / 0030 | Time 0.0s | Iter Loss 0.0519 | Iter Mean Loss 0.0484
2023-10-13 10:16:12,979 - root - INFO - KG Training: Epoch 0004 Iter 0026 / 0030 | Time 0.0s | Iter Loss 0.0303 | Iter Mean Loss 0.0478
2023-10-13 10:16:13,001 - root - INFO - KG Training: Epoch 0004 Iter 0027 / 0030 | Time 0.0s | Iter Loss 0.0352 | Iter Mean Loss 0.0473
2023-10-13 10:16:13,016 - root - INFO - KG Training: Epoch 0004 Iter 0028 / 0030 | Time 0.0s | Iter Loss 0.0375 | Iter Mean Loss 0.0469
2023-10-13 10:16:13,043 - root - INFO - KG Training: Epoch 0004 Iter 0029 / 0030 | Time 0.0s | Iter Loss 0.0342 | Iter Mean Loss 0.0465
2023-10-13 10:16:13,059 - root - INFO - KG Training: Epoch 0004 Iter 0030 / 0030 | Time 0.0s | Iter Loss 0.0703 | Iter Mean Loss 0.0473
2023-10-13 10:16:13,059 - root - INFO - KG Training: Epoch 0004 Total Iter 0030 | Total Time 0.4s | Iter Mean Loss 0.0473
2023-10-13 10:16:13,068 - root - INFO - Update Attention: Epoch 0004 | Total Time 0.0s
2023-10-13 10:16:13,068 - root - INFO - CF + KG Training: Epoch 0004 | Total Time 0.7s
2023-10-13 10:16:13,091 - root - INFO - CF Training: Epoch 0005 Iter 0001 / 0011 | Time 0.0s | Iter Loss 0.3018 | Iter Mean Loss 0.3018
2023-10-13 10:16:13,121 - root - INFO - CF Training: Epoch 0005 Iter 0002 / 0011 | Time 0.0s | Iter Loss 0.2844 | Iter Mean Loss 0.2931
2023-10-13 10:16:13,153 - root - INFO - CF Training: Epoch 0005 Iter 0003 / 0011 | Time 0.0s | Iter Loss 0.2740 | Iter Mean Loss 0.2867
2023-10-13 10:16:13,177 - root - INFO - CF Training: Epoch 0005 Iter 0004 / 0011 | Time 0.0s | Iter Loss 0.2616 | Iter Mean Loss 0.2805
2023-10-13 10:16:13,197 - root - INFO - CF Training: Epoch 0005 Iter 0005 / 0011 | Time 0.0s | Iter Loss 0.2766 | Iter Mean Loss 0.2797
2023-10-13 10:16:13,218 - root - INFO - CF Training: Epoch 0005 Iter 0006 / 0011 | Time 0.0s | Iter Loss 0.2470 | Iter Mean Loss 0.2742
2023-10-13 10:16:13,239 - root - INFO - CF Training: Epoch 0005 Iter 0007 / 0011 | Time 0.0s | Iter Loss 0.2426 | Iter Mean Loss 0.2697
2023-10-13 10:16:13,260 - root - INFO - CF Training: Epoch 0005 Iter 0008 / 0011 | Time 0.0s | Iter Loss 0.2854 | Iter Mean Loss 0.2717
2023-10-13 10:16:13,281 - root - INFO - CF Training: Epoch 0005 Iter 0009 / 0011 | Time 0.0s | Iter Loss 0.2638 | Iter Mean Loss 0.2708
2023-10-13 10:16:13,303 - root - INFO - CF Training: Epoch 0005 Iter 0010 / 0011 | Time 0.0s | Iter Loss 0.2428 | Iter Mean Loss 0.2680
2023-10-13 10:16:13,326 - root - INFO - CF Training: Epoch 0005 Iter 0011 / 0011 | Time 0.0s | Iter Loss 0.2290 | Iter Mean Loss 0.2644
2023-10-13 10:16:13,327 - root - INFO - CF Training: Epoch 0005 Total Iter 0011 | Total Time 0.3s | Iter Mean Loss 0.2644
2023-10-13 10:16:13,342 - root - INFO - KG Training: Epoch 0005 Iter 0001 / 0030 | Time 0.0s | Iter Loss 0.0465 | Iter Mean Loss 0.0465
2023-10-13 10:16:13,354 - root - INFO - KG Training: Epoch 0005 Iter 0002 / 0030 | Time 0.0s | Iter Loss 0.0642 | Iter Mean Loss 0.0554
2023-10-13 10:16:13,366 - root - INFO - KG Training: Epoch 0005 Iter 0003 / 0030 | Time 0.0s | Iter Loss 0.0192 | Iter Mean Loss 0.0433
2023-10-13 10:16:13,378 - root - INFO - KG Training: Epoch 0005 Iter 0004 / 0030 | Time 0.0s | Iter Loss 0.0530 | Iter Mean Loss 0.0457
2023-10-13 10:16:13,390 - root - INFO - KG Training: Epoch 0005 Iter 0005 / 0030 | Time 0.0s | Iter Loss 0.0644 | Iter Mean Loss 0.0495
2023-10-13 10:16:13,401 - root - INFO - KG Training: Epoch 0005 Iter 0006 / 0030 | Time 0.0s | Iter Loss 0.0631 | Iter Mean Loss 0.0517
2023-10-13 10:16:13,413 - root - INFO - KG Training: Epoch 0005 Iter 0007 / 0030 | Time 0.0s | Iter Loss 0.0570 | Iter Mean Loss 0.0525
2023-10-13 10:16:13,425 - root - INFO - KG Training: Epoch 0005 Iter 0008 / 0030 | Time 0.0s | Iter Loss 0.0624 | Iter Mean Loss 0.0537
2023-10-13 10:16:13,437 - root - INFO - KG Training: Epoch 0005 Iter 0009 / 0030 | Time 0.0s | Iter Loss 0.0383 | Iter Mean Loss 0.0520
2023-10-13 10:16:13,448 - root - INFO - KG Training: Epoch 0005 Iter 0010 / 0030 | Time 0.0s | Iter Loss 0.0441 | Iter Mean Loss 0.0512
2023-10-13 10:16:13,460 - root - INFO - KG Training: Epoch 0005 Iter 0011 / 0030 | Time 0.0s | Iter Loss 0.0330 | Iter Mean Loss 0.0496
2023-10-13 10:16:13,472 - root - INFO - KG Training: Epoch 0005 Iter 0012 / 0030 | Time 0.0s | Iter Loss 0.0688 | Iter Mean Loss 0.0512
2023-10-13 10:16:13,483 - root - INFO - KG Training: Epoch 0005 Iter 0013 / 0030 | Time 0.0s | Iter Loss 0.0726 | Iter Mean Loss 0.0528
2023-10-13 10:16:13,511 - root - INFO - KG Training: Epoch 0005 Iter 0014 / 0030 | Time 0.0s | Iter Loss 0.0673 | Iter Mean Loss 0.0539
2023-10-13 10:16:13,526 - root - INFO - KG Training: Epoch 0005 Iter 0015 / 0030 | Time 0.0s | Iter Loss 0.0182 | Iter Mean Loss 0.0515
2023-10-13 10:16:13,539 - root - INFO - KG Training: Epoch 0005 Iter 0016 / 0030 | Time 0.0s | Iter Loss 0.0541 | Iter Mean Loss 0.0516
2023-10-13 10:16:13,551 - root - INFO - KG Training: Epoch 0005 Iter 0017 / 0030 | Time 0.0s | Iter Loss 0.0391 | Iter Mean Loss 0.0509
2023-10-13 10:16:13,563 - root - INFO - KG Training: Epoch 0005 Iter 0018 / 0030 | Time 0.0s | Iter Loss 0.0651 | Iter Mean Loss 0.0517
2023-10-13 10:16:13,575 - root - INFO - KG Training: Epoch 0005 Iter 0019 / 0030 | Time 0.0s | Iter Loss 0.0367 | Iter Mean Loss 0.0509
2023-10-13 10:16:13,587 - root - INFO - KG Training: Epoch 0005 Iter 0020 / 0030 | Time 0.0s | Iter Loss 0.0582 | Iter Mean Loss 0.0513
2023-10-13 10:16:13,599 - root - INFO - KG Training: Epoch 0005 Iter 0021 / 0030 | Time 0.0s | Iter Loss 0.0356 | Iter Mean Loss 0.0505
2023-10-13 10:16:13,625 - root - INFO - KG Training: Epoch 0005 Iter 0022 / 0030 | Time 0.0s | Iter Loss 0.0401 | Iter Mean Loss 0.0500
2023-10-13 10:16:13,640 - root - INFO - KG Training: Epoch 0005 Iter 0023 / 0030 | Time 0.0s | Iter Loss 0.0603 | Iter Mean Loss 0.0505
2023-10-13 10:16:13,665 - root - INFO - KG Training: Epoch 0005 Iter 0024 / 0030 | Time 0.0s | Iter Loss 0.0589 | Iter Mean Loss 0.0508
2023-10-13 10:16:13,682 - root - INFO - KG Training: Epoch 0005 Iter 0025 / 0030 | Time 0.0s | Iter Loss 0.0634 | Iter Mean Loss 0.0513
2023-10-13 10:16:13,695 - root - INFO - KG Training: Epoch 0005 Iter 0026 / 0030 | Time 0.0s | Iter Loss 0.0368 | Iter Mean Loss 0.0508
2023-10-13 10:16:13,707 - root - INFO - KG Training: Epoch 0005 Iter 0027 / 0030 | Time 0.0s | Iter Loss 0.0312 | Iter Mean Loss 0.0501
2023-10-13 10:16:13,718 - root - INFO - KG Training: Epoch 0005 Iter 0028 / 0030 | Time 0.0s | Iter Loss 0.0738 | Iter Mean Loss 0.0509
2023-10-13 10:16:13,730 - root - INFO - KG Training: Epoch 0005 Iter 0029 / 0030 | Time 0.0s | Iter Loss 0.0660 | Iter Mean Loss 0.0514
2023-10-13 10:16:13,742 - root - INFO - KG Training: Epoch 0005 Iter 0030 / 0030 | Time 0.0s | Iter Loss 0.0678 | Iter Mean Loss 0.0520
2023-10-13 10:16:13,742 - root - INFO - KG Training: Epoch 0005 Total Iter 0030 | Total Time 0.4s | Iter Mean Loss 0.0520
2023-10-13 10:16:13,760 - root - INFO - Update Attention: Epoch 0005 | Total Time 0.0s
2023-10-13 10:16:13,761 - root - INFO - CF + KG Training: Epoch 0005 | Total Time 0.7s
2023-10-13 10:16:13,804 - root - INFO - CF Training: Epoch 0006 Iter 0001 / 0011 | Time 0.0s | Iter Loss 0.2782 | Iter Mean Loss 0.2782
2023-10-13 10:16:13,837 - root - INFO - CF Training: Epoch 0006 Iter 0002 / 0011 | Time 0.0s | Iter Loss 0.2568 | Iter Mean Loss 0.2675
2023-10-13 10:16:13,874 - root - INFO - CF Training: Epoch 0006 Iter 0003 / 0011 | Time 0.0s | Iter Loss 0.2839 | Iter Mean Loss 0.2730
2023-10-13 10:16:13,908 - root - INFO - CF Training: Epoch 0006 Iter 0004 / 0011 | Time 0.0s | Iter Loss 0.2380 | Iter Mean Loss 0.2643
2023-10-13 10:16:13,934 - root - INFO - CF Training: Epoch 0006 Iter 0005 / 0011 | Time 0.0s | Iter Loss 0.2735 | Iter Mean Loss 0.2661
2023-10-13 10:16:13,957 - root - INFO - CF Training: Epoch 0006 Iter 0006 / 0011 | Time 0.0s | Iter Loss 0.2445 | Iter Mean Loss 0.2625
2023-10-13 10:16:13,980 - root - INFO - CF Training: Epoch 0006 Iter 0007 / 0011 | Time 0.0s | Iter Loss 0.2325 | Iter Mean Loss 0.2582
2023-10-13 10:16:14,014 - root - INFO - CF Training: Epoch 0006 Iter 0008 / 0011 | Time 0.0s | Iter Loss 0.2491 | Iter Mean Loss 0.2571
2023-10-13 10:16:14,037 - root - INFO - CF Training: Epoch 0006 Iter 0009 / 0011 | Time 0.0s | Iter Loss 0.2197 | Iter Mean Loss 0.2529
2023-10-13 10:16:14,060 - root - INFO - CF Training: Epoch 0006 Iter 0010 / 0011 | Time 0.0s | Iter Loss 0.2315 | Iter Mean Loss 0.2508
2023-10-13 10:16:14,082 - root - INFO - CF Training: Epoch 0006 Iter 0011 / 0011 | Time 0.0s | Iter Loss 0.2181 | Iter Mean Loss 0.2478
2023-10-13 10:16:14,082 - root - INFO - CF Training: Epoch 0006 Total Iter 0011 | Total Time 0.3s | Iter Mean Loss 0.2478
2023-10-13 10:16:14,101 - root - INFO - KG Training: Epoch 0006 Iter 0001 / 0030 | Time 0.0s | Iter Loss 0.0433 | Iter Mean Loss 0.0433
2023-10-13 10:16:14,125 - root - INFO - KG Training: Epoch 0006 Iter 0002 / 0030 | Time 0.0s | Iter Loss 0.0351 | Iter Mean Loss 0.0392
2023-10-13 10:16:14,150 - root - INFO - KG Training: Epoch 0006 Iter 0003 / 0030 | Time 0.0s | Iter Loss 0.0629 | Iter Mean Loss 0.0471
2023-10-13 10:16:14,167 - root - INFO - KG Training: Epoch 0006 Iter 0004 / 0030 | Time 0.0s | Iter Loss 0.0462 | Iter Mean Loss 0.0469
2023-10-13 10:16:14,193 - root - INFO - KG Training: Epoch 0006 Iter 0005 / 0030 | Time 0.0s | Iter Loss 0.0514 | Iter Mean Loss 0.0478
2023-10-13 10:16:14,217 - root - INFO - KG Training: Epoch 0006 Iter 0006 / 0030 | Time 0.0s | Iter Loss 0.0352 | Iter Mean Loss 0.0457
2023-10-13 10:16:14,235 - root - INFO - KG Training: Epoch 0006 Iter 0007 / 0030 | Time 0.0s | Iter Loss 0.0383 | Iter Mean Loss 0.0446
2023-10-13 10:16:14,260 - root - INFO - KG Training: Epoch 0006 Iter 0008 / 0030 | Time 0.0s | Iter Loss 0.0631 | Iter Mean Loss 0.0469
2023-10-13 10:16:14,276 - root - INFO - KG Training: Epoch 0006 Iter 0009 / 0030 | Time 0.0s | Iter Loss 0.0637 | Iter Mean Loss 0.0488
2023-10-13 10:16:14,288 - root - INFO - KG Training: Epoch 0006 Iter 0010 / 0030 | Time 0.0s | Iter Loss 0.0360 | Iter Mean Loss 0.0475
2023-10-13 10:16:14,301 - root - INFO - KG Training: Epoch 0006 Iter 0011 / 0030 | Time 0.0s | Iter Loss 0.0454 | Iter Mean Loss 0.0473
2023-10-13 10:16:14,313 - root - INFO - KG Training: Epoch 0006 Iter 0012 / 0030 | Time 0.0s | Iter Loss 0.0427 | Iter Mean Loss 0.0469
2023-10-13 10:16:14,324 - root - INFO - KG Training: Epoch 0006 Iter 0013 / 0030 | Time 0.0s | Iter Loss 0.0475 | Iter Mean Loss 0.0470
2023-10-13 10:16:14,337 - root - INFO - KG Training: Epoch 0006 Iter 0014 / 0030 | Time 0.0s | Iter Loss 0.0395 | Iter Mean Loss 0.0465
2023-10-13 10:16:14,349 - root - INFO - KG Training: Epoch 0006 Iter 0015 / 0030 | Time 0.0s | Iter Loss 0.0628 | Iter Mean Loss 0.0475
2023-10-13 10:16:14,361 - root - INFO - KG Training: Epoch 0006 Iter 0016 / 0030 | Time 0.0s | Iter Loss 0.0837 | Iter Mean Loss 0.0498
2023-10-13 10:16:14,373 - root - INFO - KG Training: Epoch 0006 Iter 0017 / 0030 | Time 0.0s | Iter Loss 0.0469 | Iter Mean Loss 0.0496
2023-10-13 10:16:14,385 - root - INFO - KG Training: Epoch 0006 Iter 0018 / 0030 | Time 0.0s | Iter Loss 0.0346 | Iter Mean Loss 0.0488
2023-10-13 10:16:14,397 - root - INFO - KG Training: Epoch 0006 Iter 0019 / 0030 | Time 0.0s | Iter Loss 0.0413 | Iter Mean Loss 0.0484
2023-10-13 10:16:14,408 - root - INFO - KG Training: Epoch 0006 Iter 0020 / 0030 | Time 0.0s | Iter Loss 0.0404 | Iter Mean Loss 0.0480
2023-10-13 10:16:14,420 - root - INFO - KG Training: Epoch 0006 Iter 0021 / 0030 | Time 0.0s | Iter Loss 0.0379 | Iter Mean Loss 0.0475
2023-10-13 10:16:14,445 - root - INFO - KG Training: Epoch 0006 Iter 0022 / 0030 | Time 0.0s | Iter Loss 0.0442 | Iter Mean Loss 0.0474
2023-10-13 10:16:14,460 - root - INFO - KG Training: Epoch 0006 Iter 0023 / 0030 | Time 0.0s | Iter Loss 0.0413 | Iter Mean Loss 0.0471
2023-10-13 10:16:14,473 - root - INFO - KG Training: Epoch 0006 Iter 0024 / 0030 | Time 0.0s | Iter Loss 0.0326 | Iter Mean Loss 0.0465
2023-10-13 10:16:14,485 - root - INFO - KG Training: Epoch 0006 Iter 0025 / 0030 | Time 0.0s | Iter Loss 0.0302 | Iter Mean Loss 0.0458
2023-10-13 10:16:14,509 - root - INFO - KG Training: Epoch 0006 Iter 0026 / 0030 | Time 0.0s | Iter Loss 0.0920 | Iter Mean Loss 0.0476
2023-10-13 10:16:14,523 - root - INFO - KG Training: Epoch 0006 Iter 0027 / 0030 | Time 0.0s | Iter Loss 0.0649 | Iter Mean Loss 0.0483
2023-10-13 10:16:14,534 - root - INFO - KG Training: Epoch 0006 Iter 0028 / 0030 | Time 0.0s | Iter Loss 0.0407 | Iter Mean Loss 0.0480
2023-10-13 10:16:14,545 - root - INFO - KG Training: Epoch 0006 Iter 0029 / 0030 | Time 0.0s | Iter Loss 0.0390 | Iter Mean Loss 0.0477
2023-10-13 10:16:14,556 - root - INFO - KG Training: Epoch 0006 Iter 0030 / 0030 | Time 0.0s | Iter Loss 0.0541 | Iter Mean Loss 0.0479
2023-10-13 10:16:14,556 - root - INFO - KG Training: Epoch 0006 Total Iter 0030 | Total Time 0.5s | Iter Mean Loss 0.0479
2023-10-13 10:16:14,567 - root - INFO - Update Attention: Epoch 0006 | Total Time 0.0s
2023-10-13 10:16:14,568 - root - INFO - CF + KG Training: Epoch 0006 | Total Time 0.8s
2023-10-13 10:16:14,587 - root - INFO - CF Training: Epoch 0007 Iter 0001 / 0011 | Time 0.0s | Iter Loss 0.2518 | Iter Mean Loss 0.2518
2023-10-13 10:16:14,608 - root - INFO - CF Training: Epoch 0007 Iter 0002 / 0011 | Time 0.0s | Iter Loss 0.2179 | Iter Mean Loss 0.2349
2023-10-13 10:16:14,634 - root - INFO - CF Training: Epoch 0007 Iter 0003 / 0011 | Time 0.0s | Iter Loss 0.2415 | Iter Mean Loss 0.2371
2023-10-13 10:16:14,671 - root - INFO - CF Training: Epoch 0007 Iter 0004 / 0011 | Time 0.0s | Iter Loss 0.2259 | Iter Mean Loss 0.2343
2023-10-13 10:16:14,703 - root - INFO - CF Training: Epoch 0007 Iter 0005 / 0011 | Time 0.0s | Iter Loss 0.2200 | Iter Mean Loss 0.2315
2023-10-13 10:16:14,725 - root - INFO - CF Training: Epoch 0007 Iter 0006 / 0011 | Time 0.0s | Iter Loss 0.2116 | Iter Mean Loss 0.2281
2023-10-13 10:16:14,758 - root - INFO - CF Training: Epoch 0007 Iter 0007 / 0011 | Time 0.0s | Iter Loss 0.2282 | Iter Mean Loss 0.2282
2023-10-13 10:16:14,780 - root - INFO - CF Training: Epoch 0007 Iter 0008 / 0011 | Time 0.0s | Iter Loss 0.2246 | Iter Mean Loss 0.2277
2023-10-13 10:16:14,802 - root - INFO - CF Training: Epoch 0007 Iter 0009 / 0011 | Time 0.0s | Iter Loss 0.1952 | Iter Mean Loss 0.2241
2023-10-13 10:16:14,825 - root - INFO - CF Training: Epoch 0007 Iter 0010 / 0011 | Time 0.0s | Iter Loss 0.2029 | Iter Mean Loss 0.2220
2023-10-13 10:16:14,847 - root - INFO - CF Training: Epoch 0007 Iter 0011 / 0011 | Time 0.0s | Iter Loss 0.1939 | Iter Mean Loss 0.2194
2023-10-13 10:16:14,848 - root - INFO - CF Training: Epoch 0007 Total Iter 0011 | Total Time 0.3s | Iter Mean Loss 0.2194
2023-10-13 10:16:14,875 - root - INFO - KG Training: Epoch 0007 Iter 0001 / 0030 | Time 0.0s | Iter Loss 0.0462 | Iter Mean Loss 0.0462
2023-10-13 10:16:14,891 - root - INFO - KG Training: Epoch 0007 Iter 0002 / 0030 | Time 0.0s | Iter Loss 0.0244 | Iter Mean Loss 0.0353
2023-10-13 10:16:14,917 - root - INFO - KG Training: Epoch 0007 Iter 0003 / 0030 | Time 0.0s | Iter Loss 0.0319 | Iter Mean Loss 0.0342
2023-10-13 10:16:14,934 - root - INFO - KG Training: Epoch 0007 Iter 0004 / 0030 | Time 0.0s | Iter Loss 0.0172 | Iter Mean Loss 0.0299
2023-10-13 10:16:14,948 - root - INFO - KG Training: Epoch 0007 Iter 0005 / 0030 | Time 0.0s | Iter Loss 0.0398 | Iter Mean Loss 0.0319
2023-10-13 10:16:14,976 - root - INFO - KG Training: Epoch 0007 Iter 0006 / 0030 | Time 0.0s | Iter Loss 0.0301 | Iter Mean Loss 0.0316
2023-10-13 10:16:14,992 - root - INFO - KG Training: Epoch 0007 Iter 0007 / 0030 | Time 0.0s | Iter Loss 0.0235 | Iter Mean Loss 0.0304
2023-10-13 10:16:15,005 - root - INFO - KG Training: Epoch 0007 Iter 0008 / 0030 | Time 0.0s | Iter Loss 0.0481 | Iter Mean Loss 0.0326
2023-10-13 10:16:15,017 - root - INFO - KG Training: Epoch 0007 Iter 0009 / 0030 | Time 0.0s | Iter Loss 0.0436 | Iter Mean Loss 0.0339
2023-10-13 10:16:15,029 - root - INFO - KG Training: Epoch 0007 Iter 0010 / 0030 | Time 0.0s | Iter Loss 0.0499 | Iter Mean Loss 0.0355
2023-10-13 10:16:15,041 - root - INFO - KG Training: Epoch 0007 Iter 0011 / 0030 | Time 0.0s | Iter Loss 0.0719 | Iter Mean Loss 0.0388
2023-10-13 10:16:15,053 - root - INFO - KG Training: Epoch 0007 Iter 0012 / 0030 | Time 0.0s | Iter Loss 0.0502 | Iter Mean Loss 0.0397
2023-10-13 10:16:15,065 - root - INFO - KG Training: Epoch 0007 Iter 0013 / 0030 | Time 0.0s | Iter Loss 0.0491 | Iter Mean Loss 0.0405
2023-10-13 10:16:15,077 - root - INFO - KG Training: Epoch 0007 Iter 0014 / 0030 | Time 0.0s | Iter Loss 0.0353 | Iter Mean Loss 0.0401
2023-10-13 10:16:15,088 - root - INFO - KG Training: Epoch 0007 Iter 0015 / 0030 | Time 0.0s | Iter Loss 0.0422 | Iter Mean Loss 0.0402
2023-10-13 10:16:15,100 - root - INFO - KG Training: Epoch 0007 Iter 0016 / 0030 | Time 0.0s | Iter Loss 0.0530 | Iter Mean Loss 0.0410
2023-10-13 10:16:15,111 - root - INFO - KG Training: Epoch 0007 Iter 0017 / 0030 | Time 0.0s | Iter Loss 0.0419 | Iter Mean Loss 0.0411
2023-10-13 10:16:15,123 - root - INFO - KG Training: Epoch 0007 Iter 0018 / 0030 | Time 0.0s | Iter Loss 0.1038 | Iter Mean Loss 0.0446
2023-10-13 10:16:15,134 - root - INFO - KG Training: Epoch 0007 Iter 0019 / 0030 | Time 0.0s | Iter Loss 0.0364 | Iter Mean Loss 0.0441
2023-10-13 10:16:15,146 - root - INFO - KG Training: Epoch 0007 Iter 0020 / 0030 | Time 0.0s | Iter Loss 0.0565 | Iter Mean Loss 0.0447
2023-10-13 10:16:15,158 - root - INFO - KG Training: Epoch 0007 Iter 0021 / 0030 | Time 0.0s | Iter Loss 0.0175 | Iter Mean Loss 0.0435
2023-10-13 10:16:15,170 - root - INFO - KG Training: Epoch 0007 Iter 0022 / 0030 | Time 0.0s | Iter Loss 0.0189 | Iter Mean Loss 0.0423
2023-10-13 10:16:15,185 - root - INFO - KG Training: Epoch 0007 Iter 0023 / 0030 | Time 0.0s | Iter Loss 0.0266 | Iter Mean Loss 0.0417
2023-10-13 10:16:15,210 - root - INFO - KG Training: Epoch 0007 Iter 0024 / 0030 | Time 0.0s | Iter Loss 0.0452 | Iter Mean Loss 0.0418
2023-10-13 10:16:15,226 - root - INFO - KG Training: Epoch 0007 Iter 0025 / 0030 | Time 0.0s | Iter Loss 0.0274 | Iter Mean Loss 0.0412
2023-10-13 10:16:15,239 - root - INFO - KG Training: Epoch 0007 Iter 0026 / 0030 | Time 0.0s | Iter Loss 0.0522 | Iter Mean Loss 0.0416
2023-10-13 10:16:15,252 - root - INFO - KG Training: Epoch 0007 Iter 0027 / 0030 | Time 0.0s | Iter Loss 0.0629 | Iter Mean Loss 0.0424
2023-10-13 10:16:15,276 - root - INFO - KG Training: Epoch 0007 Iter 0028 / 0030 | Time 0.0s | Iter Loss 0.0213 | Iter Mean Loss 0.0417
2023-10-13 10:16:15,293 - root - INFO - KG Training: Epoch 0007 Iter 0029 / 0030 | Time 0.0s | Iter Loss 0.0479 | Iter Mean Loss 0.0419
2023-10-13 10:16:15,306 - root - INFO - KG Training: Epoch 0007 Iter 0030 / 0030 | Time 0.0s | Iter Loss 0.0319 | Iter Mean Loss 0.0416
2023-10-13 10:16:15,306 - root - INFO - KG Training: Epoch 0007 Total Iter 0030 | Total Time 0.5s | Iter Mean Loss 0.0416
2023-10-13 10:16:15,324 - root - INFO - Update Attention: Epoch 0007 | Total Time 0.0s
2023-10-13 10:16:15,327 - root - INFO - CF + KG Training: Epoch 0007 | Total Time 0.8s
2023-10-13 10:16:15,356 - root - INFO - CF Training: Epoch 0008 Iter 0001 / 0011 | Time 0.0s | Iter Loss 0.1841 | Iter Mean Loss 0.1841
2023-10-13 10:16:15,379 - root - INFO - CF Training: Epoch 0008 Iter 0002 / 0011 | Time 0.0s | Iter Loss 0.2189 | Iter Mean Loss 0.2015
2023-10-13 10:16:15,401 - root - INFO - CF Training: Epoch 0008 Iter 0003 / 0011 | Time 0.0s | Iter Loss 0.2085 | Iter Mean Loss 0.2038
2023-10-13 10:16:15,424 - root - INFO - CF Training: Epoch 0008 Iter 0004 / 0011 | Time 0.0s | Iter Loss 0.2068 | Iter Mean Loss 0.2046
2023-10-13 10:16:15,445 - root - INFO - CF Training: Epoch 0008 Iter 0005 / 0011 | Time 0.0s | Iter Loss 0.2272 | Iter Mean Loss 0.2091
2023-10-13 10:16:15,464 - root - INFO - CF Training: Epoch 0008 Iter 0006 / 0011 | Time 0.0s | Iter Loss 0.2134 | Iter Mean Loss 0.2098
2023-10-13 10:16:15,484 - root - INFO - CF Training: Epoch 0008 Iter 0007 / 0011 | Time 0.0s | Iter Loss 0.1909 | Iter Mean Loss 0.2071
2023-10-13 10:16:15,505 - root - INFO - CF Training: Epoch 0008 Iter 0008 / 0011 | Time 0.0s | Iter Loss 0.2071 | Iter Mean Loss 0.2071
2023-10-13 10:16:15,533 - root - INFO - CF Training: Epoch 0008 Iter 0009 / 0011 | Time 0.0s | Iter Loss 0.1942 | Iter Mean Loss 0.2057
2023-10-13 10:16:15,554 - root - INFO - CF Training: Epoch 0008 Iter 0010 / 0011 | Time 0.0s | Iter Loss 0.2123 | Iter Mean Loss 0.2063
2023-10-13 10:16:15,586 - root - INFO - CF Training: Epoch 0008 Iter 0011 / 0011 | Time 0.0s | Iter Loss 0.1979 | Iter Mean Loss 0.2056
2023-10-13 10:16:15,586 - root - INFO - CF Training: Epoch 0008 Total Iter 0011 | Total Time 0.3s | Iter Mean Loss 0.2056
2023-10-13 10:16:15,601 - root - INFO - KG Training: Epoch 0008 Iter 0001 / 0030 | Time 0.0s | Iter Loss 0.0641 | Iter Mean Loss 0.0641
2023-10-13 10:16:15,619 - root - INFO - KG Training: Epoch 0008 Iter 0002 / 0030 | Time 0.0s | Iter Loss 0.0536 | Iter Mean Loss 0.0589
2023-10-13 10:16:15,633 - root - INFO - KG Training: Epoch 0008 Iter 0003 / 0030 | Time 0.0s | Iter Loss 0.0432 | Iter Mean Loss 0.0536
2023-10-13 10:16:15,645 - root - INFO - KG Training: Epoch 0008 Iter 0004 / 0030 | Time 0.0s | Iter Loss 0.0332 | Iter Mean Loss 0.0485
2023-10-13 10:16:15,656 - root - INFO - KG Training: Epoch 0008 Iter 0005 / 0030 | Time 0.0s | Iter Loss 0.0565 | Iter Mean Loss 0.0501
2023-10-13 10:16:15,666 - root - INFO - KG Training: Epoch 0008 Iter 0006 / 0030 | Time 0.0s | Iter Loss 0.0420 | Iter Mean Loss 0.0488
2023-10-13 10:16:15,678 - root - INFO - KG Training: Epoch 0008 Iter 0007 / 0030 | Time 0.0s | Iter Loss 0.0852 | Iter Mean Loss 0.0540
2023-10-13 10:16:15,696 - root - INFO - KG Training: Epoch 0008 Iter 0008 / 0030 | Time 0.0s | Iter Loss 0.0317 | Iter Mean Loss 0.0512
2023-10-13 10:16:15,708 - root - INFO - KG Training: Epoch 0008 Iter 0009 / 0030 | Time 0.0s | Iter Loss 0.0372 | Iter Mean Loss 0.0496
2023-10-13 10:16:15,720 - root - INFO - KG Training: Epoch 0008 Iter 0010 / 0030 | Time 0.0s | Iter Loss 0.0293 | Iter Mean Loss 0.0476
2023-10-13 10:16:15,735 - root - INFO - KG Training: Epoch 0008 Iter 0011 / 0030 | Time 0.0s | Iter Loss 0.0743 | Iter Mean Loss 0.0500
2023-10-13 10:16:15,747 - root - INFO - KG Training: Epoch 0008 Iter 0012 / 0030 | Time 0.0s | Iter Loss 0.0658 | Iter Mean Loss 0.0513
2023-10-13 10:16:15,758 - root - INFO - KG Training: Epoch 0008 Iter 0013 / 0030 | Time 0.0s | Iter Loss 0.0449 | Iter Mean Loss 0.0509
2023-10-13 10:16:15,769 - root - INFO - KG Training: Epoch 0008 Iter 0014 / 0030 | Time 0.0s | Iter Loss 0.0432 | Iter Mean Loss 0.0503
2023-10-13 10:16:15,780 - root - INFO - KG Training: Epoch 0008 Iter 0015 / 0030 | Time 0.0s | Iter Loss 0.0220 | Iter Mean Loss 0.0484
2023-10-13 10:16:15,791 - root - INFO - KG Training: Epoch 0008 Iter 0016 / 0030 | Time 0.0s | Iter Loss 0.0426 | Iter Mean Loss 0.0481
2023-10-13 10:16:15,815 - root - INFO - KG Training: Epoch 0008 Iter 0017 / 0030 | Time 0.0s | Iter Loss 0.0457 | Iter Mean Loss 0.0479
2023-10-13 10:16:15,833 - root - INFO - KG Training: Epoch 0008 Iter 0018 / 0030 | Time 0.0s | Iter Loss 0.0560 | Iter Mean Loss 0.0484
2023-10-13 10:16:15,846 - root - INFO - KG Training: Epoch 0008 Iter 0019 / 0030 | Time 0.0s | Iter Loss 0.0217 | Iter Mean Loss 0.0470
2023-10-13 10:16:15,858 - root - INFO - KG Training: Epoch 0008 Iter 0020 / 0030 | Time 0.0s | Iter Loss 0.0764 | Iter Mean Loss 0.0484
2023-10-13 10:16:15,870 - root - INFO - KG Training: Epoch 0008 Iter 0021 / 0030 | Time 0.0s | Iter Loss 0.0175 | Iter Mean Loss 0.0470
2023-10-13 10:16:15,881 - root - INFO - KG Training: Epoch 0008 Iter 0022 / 0030 | Time 0.0s | Iter Loss 0.0215 | Iter Mean Loss 0.0458
2023-10-13 10:16:15,893 - root - INFO - KG Training: Epoch 0008 Iter 0023 / 0030 | Time 0.0s | Iter Loss 0.0408 | Iter Mean Loss 0.0456
2023-10-13 10:16:15,904 - root - INFO - KG Training: Epoch 0008 Iter 0024 / 0030 | Time 0.0s | Iter Loss 0.0325 | Iter Mean Loss 0.0450
2023-10-13 10:16:15,916 - root - INFO - KG Training: Epoch 0008 Iter 0025 / 0030 | Time 0.0s | Iter Loss 0.0520 | Iter Mean Loss 0.0453
2023-10-13 10:16:15,928 - root - INFO - KG Training: Epoch 0008 Iter 0026 / 0030 | Time 0.0s | Iter Loss 0.0335 | Iter Mean Loss 0.0449
2023-10-13 10:16:15,940 - root - INFO - KG Training: Epoch 0008 Iter 0027 / 0030 | Time 0.0s | Iter Loss 0.0451 | Iter Mean Loss 0.0449
2023-10-13 10:16:15,951 - root - INFO - KG Training: Epoch 0008 Iter 0028 / 0030 | Time 0.0s | Iter Loss 0.0230 | Iter Mean Loss 0.0441
2023-10-13 10:16:15,977 - root - INFO - KG Training: Epoch 0008 Iter 0029 / 0030 | Time 0.0s | Iter Loss 0.0336 | Iter Mean Loss 0.0437
2023-10-13 10:16:15,991 - root - INFO - KG Training: Epoch 0008 Iter 0030 / 0030 | Time 0.0s | Iter Loss 0.0223 | Iter Mean Loss 0.0430
2023-10-13 10:16:15,992 - root - INFO - KG Training: Epoch 0008 Total Iter 0030 | Total Time 0.4s | Iter Mean Loss 0.0430
2023-10-13 10:16:16,003 - root - INFO - Update Attention: Epoch 0008 | Total Time 0.0s
2023-10-13 10:16:16,004 - root - INFO - CF + KG Training: Epoch 0008 | Total Time 0.7s
2023-10-13 10:16:16,040 - root - INFO - CF Training: Epoch 0009 Iter 0001 / 0011 | Time 0.0s | Iter Loss 0.2051 | Iter Mean Loss 0.2051
2023-10-13 10:16:16,064 - root - INFO - CF Training: Epoch 0009 Iter 0002 / 0011 | Time 0.0s | Iter Loss 0.2009 | Iter Mean Loss 0.2030
2023-10-13 10:16:16,087 - root - INFO - CF Training: Epoch 0009 Iter 0003 / 0011 | Time 0.0s | Iter Loss 0.2020 | Iter Mean Loss 0.2027
2023-10-13 10:16:16,109 - root - INFO - CF Training: Epoch 0009 Iter 0004 / 0011 | Time 0.0s | Iter Loss 0.1889 | Iter Mean Loss 0.1992
2023-10-13 10:16:16,129 - root - INFO - CF Training: Epoch 0009 Iter 0005 / 0011 | Time 0.0s | Iter Loss 0.1694 | Iter Mean Loss 0.1933
2023-10-13 10:16:16,150 - root - INFO - CF Training: Epoch 0009 Iter 0006 / 0011 | Time 0.0s | Iter Loss 0.1773 | Iter Mean Loss 0.1906
2023-10-13 10:16:16,170 - root - INFO - CF Training: Epoch 0009 Iter 0007 / 0011 | Time 0.0s | Iter Loss 0.1768 | Iter Mean Loss 0.1886
2023-10-13 10:16:16,191 - root - INFO - CF Training: Epoch 0009 Iter 0008 / 0011 | Time 0.0s | Iter Loss 0.1745 | Iter Mean Loss 0.1869
2023-10-13 10:16:16,211 - root - INFO - CF Training: Epoch 0009 Iter 0009 / 0011 | Time 0.0s | Iter Loss 0.1773 | Iter Mean Loss 0.1858
2023-10-13 10:16:16,232 - root - INFO - CF Training: Epoch 0009 Iter 0010 / 0011 | Time 0.0s | Iter Loss 0.1880 | Iter Mean Loss 0.1860
2023-10-13 10:16:16,252 - root - INFO - CF Training: Epoch 0009 Iter 0011 / 0011 | Time 0.0s | Iter Loss 0.1753 | Iter Mean Loss 0.1850
2023-10-13 10:16:16,253 - root - INFO - CF Training: Epoch 0009 Total Iter 0011 | Total Time 0.2s | Iter Mean Loss 0.1850
2023-10-13 10:16:16,278 - root - INFO - KG Training: Epoch 0009 Iter 0001 / 0030 | Time 0.0s | Iter Loss 0.0969 | Iter Mean Loss 0.0969
2023-10-13 10:16:16,295 - root - INFO - KG Training: Epoch 0009 Iter 0002 / 0030 | Time 0.0s | Iter Loss 0.0487 | Iter Mean Loss 0.0728
2023-10-13 10:16:16,307 - root - INFO - KG Training: Epoch 0009 Iter 0003 / 0030 | Time 0.0s | Iter Loss 0.0674 | Iter Mean Loss 0.0710
2023-10-13 10:16:16,333 - root - INFO - KG Training: Epoch 0009 Iter 0004 / 0030 | Time 0.0s | Iter Loss 0.0399 | Iter Mean Loss 0.0632
2023-10-13 10:16:16,353 - root - INFO - KG Training: Epoch 0009 Iter 0005 / 0030 | Time 0.0s | Iter Loss 0.0493 | Iter Mean Loss 0.0604
2023-10-13 10:16:16,367 - root - INFO - KG Training: Epoch 0009 Iter 0006 / 0030 | Time 0.0s | Iter Loss 0.0642 | Iter Mean Loss 0.0611
2023-10-13 10:16:16,394 - root - INFO - KG Training: Epoch 0009 Iter 0007 / 0030 | Time 0.0s | Iter Loss 0.0194 | Iter Mean Loss 0.0551
2023-10-13 10:16:16,420 - root - INFO - KG Training: Epoch 0009 Iter 0008 / 0030 | Time 0.0s | Iter Loss 0.0338 | Iter Mean Loss 0.0525
2023-10-13 10:16:16,446 - root - INFO - KG Training: Epoch 0009 Iter 0009 / 0030 | Time 0.0s | Iter Loss 0.0208 | Iter Mean Loss 0.0489
2023-10-13 10:16:16,462 - root - INFO - KG Training: Epoch 0009 Iter 0010 / 0030 | Time 0.0s | Iter Loss 0.0329 | Iter Mean Loss 0.0473
2023-10-13 10:16:16,475 - root - INFO - KG Training: Epoch 0009 Iter 0011 / 0030 | Time 0.0s | Iter Loss 0.0542 | Iter Mean Loss 0.0480
2023-10-13 10:16:16,487 - root - INFO - KG Training: Epoch 0009 Iter 0012 / 0030 | Time 0.0s | Iter Loss 0.0339 | Iter Mean Loss 0.0468
2023-10-13 10:16:16,499 - root - INFO - KG Training: Epoch 0009 Iter 0013 / 0030 | Time 0.0s | Iter Loss 0.0800 | Iter Mean Loss 0.0494
2023-10-13 10:16:16,511 - root - INFO - KG Training: Epoch 0009 Iter 0014 / 0030 | Time 0.0s | Iter Loss 0.0502 | Iter Mean Loss 0.0494
2023-10-13 10:16:16,523 - root - INFO - KG Training: Epoch 0009 Iter 0015 / 0030 | Time 0.0s | Iter Loss 0.0743 | Iter Mean Loss 0.0511
2023-10-13 10:16:16,535 - root - INFO - KG Training: Epoch 0009 Iter 0016 / 0030 | Time 0.0s | Iter Loss 0.0487 | Iter Mean Loss 0.0509
2023-10-13 10:16:16,547 - root - INFO - KG Training: Epoch 0009 Iter 0017 / 0030 | Time 0.0s | Iter Loss 0.0917 | Iter Mean Loss 0.0533
2023-10-13 10:16:16,558 - root - INFO - KG Training: Epoch 0009 Iter 0018 / 0030 | Time 0.0s | Iter Loss 0.0277 | Iter Mean Loss 0.0519
2023-10-13 10:16:16,570 - root - INFO - KG Training: Epoch 0009 Iter 0019 / 0030 | Time 0.0s | Iter Loss 0.0396 | Iter Mean Loss 0.0513
2023-10-13 10:16:16,582 - root - INFO - KG Training: Epoch 0009 Iter 0020 / 0030 | Time 0.0s | Iter Loss 0.0639 | Iter Mean Loss 0.0519
2023-10-13 10:16:16,607 - root - INFO - KG Training: Epoch 0009 Iter 0021 / 0030 | Time 0.0s | Iter Loss 0.0363 | Iter Mean Loss 0.0511
2023-10-13 10:16:16,622 - root - INFO - KG Training: Epoch 0009 Iter 0022 / 0030 | Time 0.0s | Iter Loss 0.0406 | Iter Mean Loss 0.0507
2023-10-13 10:16:16,635 - root - INFO - KG Training: Epoch 0009 Iter 0023 / 0030 | Time 0.0s | Iter Loss 0.1283 | Iter Mean Loss 0.0540
2023-10-13 10:16:16,660 - root - INFO - KG Training: Epoch 0009 Iter 0024 / 0030 | Time 0.0s | Iter Loss 0.0752 | Iter Mean Loss 0.0549
2023-10-13 10:16:16,675 - root - INFO - KG Training: Epoch 0009 Iter 0025 / 0030 | Time 0.0s | Iter Loss 0.0331 | Iter Mean Loss 0.0540
2023-10-13 10:16:16,686 - root - INFO - KG Training: Epoch 0009 Iter 0026 / 0030 | Time 0.0s | Iter Loss 0.0551 | Iter Mean Loss 0.0541
2023-10-13 10:16:16,699 - root - INFO - KG Training: Epoch 0009 Iter 0027 / 0030 | Time 0.0s | Iter Loss 0.0484 | Iter Mean Loss 0.0539
2023-10-13 10:16:16,711 - root - INFO - KG Training: Epoch 0009 Iter 0028 / 0030 | Time 0.0s | Iter Loss 0.0270 | Iter Mean Loss 0.0529
2023-10-13 10:16:16,736 - root - INFO - KG Training: Epoch 0009 Iter 0029 / 0030 | Time 0.0s | Iter Loss 0.0334 | Iter Mean Loss 0.0522
2023-10-13 10:16:16,757 - root - INFO - KG Training: Epoch 0009 Iter 0030 / 0030 | Time 0.0s | Iter Loss 0.0864 | Iter Mean Loss 0.0534
2023-10-13 10:16:16,758 - root - INFO - KG Training: Epoch 0009 Total Iter 0030 | Total Time 0.5s | Iter Mean Loss 0.0534
2023-10-13 10:16:16,776 - root - INFO - Update Attention: Epoch 0009 | Total Time 0.0s
2023-10-13 10:16:16,776 - root - INFO - CF + KG Training: Epoch 0009 | Total Time 0.8s
2023-10-13 10:16:16,806 - root - INFO - CF Training: Epoch 0010 Iter 0001 / 0011 | Time 0.0s | Iter Loss 0.1776 | Iter Mean Loss 0.1776
2023-10-13 10:16:16,829 - root - INFO - CF Training: Epoch 0010 Iter 0002 / 0011 | Time 0.0s | Iter Loss 0.1879 | Iter Mean Loss 0.1828
2023-10-13 10:16:16,851 - root - INFO - CF Training: Epoch 0010 Iter 0003 / 0011 | Time 0.0s | Iter Loss 0.1559 | Iter Mean Loss 0.1738
2023-10-13 10:16:16,871 - root - INFO - CF Training: Epoch 0010 Iter 0004 / 0011 | Time 0.0s | Iter Loss 0.1690 | Iter Mean Loss 0.1726
2023-10-13 10:16:16,892 - root - INFO - CF Training: Epoch 0010 Iter 0005 / 0011 | Time 0.0s | Iter Loss 0.1654 | Iter Mean Loss 0.1712
2023-10-13 10:16:16,913 - root - INFO - CF Training: Epoch 0010 Iter 0006 / 0011 | Time 0.0s | Iter Loss 0.1677 | Iter Mean Loss 0.1706
2023-10-13 10:16:16,933 - root - INFO - CF Training: Epoch 0010 Iter 0007 / 0011 | Time 0.0s | Iter Loss 0.1743 | Iter Mean Loss 0.1711
2023-10-13 10:16:16,954 - root - INFO - CF Training: Epoch 0010 Iter 0008 / 0011 | Time 0.0s | Iter Loss 0.1921 | Iter Mean Loss 0.1737
2023-10-13 10:16:16,975 - root - INFO - CF Training: Epoch 0010 Iter 0009 / 0011 | Time 0.0s | Iter Loss 0.1658 | Iter Mean Loss 0.1729
2023-10-13 10:16:16,995 - root - INFO - CF Training: Epoch 0010 Iter 0010 / 0011 | Time 0.0s | Iter Loss 0.1739 | Iter Mean Loss 0.1730
2023-10-13 10:16:17,015 - root - INFO - CF Training: Epoch 0010 Iter 0011 / 0011 | Time 0.0s | Iter Loss 0.1532 | Iter Mean Loss 0.1712
2023-10-13 10:16:17,016 - root - INFO - CF Training: Epoch 0010 Total Iter 0011 | Total Time 0.2s | Iter Mean Loss 0.1712
2023-10-13 10:16:17,029 - root - INFO - KG Training: Epoch 0010 Iter 0001 / 0030 | Time 0.0s | Iter Loss 0.0732 | Iter Mean Loss 0.0732
2023-10-13 10:16:17,042 - root - INFO - KG Training: Epoch 0010 Iter 0002 / 0030 | Time 0.0s | Iter Loss 0.0724 | Iter Mean Loss 0.0728
2023-10-13 10:16:17,055 - root - INFO - KG Training: Epoch 0010 Iter 0003 / 0030 | Time 0.0s | Iter Loss 0.0397 | Iter Mean Loss 0.0618
2023-10-13 10:16:17,067 - root - INFO - KG Training: Epoch 0010 Iter 0004 / 0030 | Time 0.0s | Iter Loss 0.0387 | Iter Mean Loss 0.0560
2023-10-13 10:16:17,078 - root - INFO - KG Training: Epoch 0010 Iter 0005 / 0030 | Time 0.0s | Iter Loss 0.0850 | Iter Mean Loss 0.0618
2023-10-13 10:16:17,090 - root - INFO - KG Training: Epoch 0010 Iter 0006 / 0030 | Time 0.0s | Iter Loss 0.0522 | Iter Mean Loss 0.0602
2023-10-13 10:16:17,102 - root - INFO - KG Training: Epoch 0010 Iter 0007 / 0030 | Time 0.0s | Iter Loss 0.1078 | Iter Mean Loss 0.0670
2023-10-13 10:16:17,114 - root - INFO - KG Training: Epoch 0010 Iter 0008 / 0030 | Time 0.0s | Iter Loss 0.0340 | Iter Mean Loss 0.0629
2023-10-13 10:16:17,126 - root - INFO - KG Training: Epoch 0010 Iter 0009 / 0030 | Time 0.0s | Iter Loss 0.0621 | Iter Mean Loss 0.0628
2023-10-13 10:16:17,136 - root - INFO - KG Training: Epoch 0010 Iter 0010 / 0030 | Time 0.0s | Iter Loss 0.0565 | Iter Mean Loss 0.0622
2023-10-13 10:16:17,149 - root - INFO - KG Training: Epoch 0010 Iter 0011 / 0030 | Time 0.0s | Iter Loss 0.0708 | Iter Mean Loss 0.0629
2023-10-13 10:16:17,161 - root - INFO - KG Training: Epoch 0010 Iter 0012 / 0030 | Time 0.0s | Iter Loss 0.0480 | Iter Mean Loss 0.0617
2023-10-13 10:16:17,172 - root - INFO - KG Training: Epoch 0010 Iter 0013 / 0030 | Time 0.0s | Iter Loss 0.1030 | Iter Mean Loss 0.0649
2023-10-13 10:16:17,184 - root - INFO - KG Training: Epoch 0010 Iter 0014 / 0030 | Time 0.0s | Iter Loss 0.0452 | Iter Mean Loss 0.0635
2023-10-13 10:16:17,196 - root - INFO - KG Training: Epoch 0010 Iter 0015 / 0030 | Time 0.0s | Iter Loss 0.0462 | Iter Mean Loss 0.0623
2023-10-13 10:16:17,208 - root - INFO - KG Training: Epoch 0010 Iter 0016 / 0030 | Time 0.0s | Iter Loss 0.0578 | Iter Mean Loss 0.0620
2023-10-13 10:16:17,220 - root - INFO - KG Training: Epoch 0010 Iter 0017 / 0030 | Time 0.0s | Iter Loss 0.0690 | Iter Mean Loss 0.0624
2023-10-13 10:16:17,232 - root - INFO - KG Training: Epoch 0010 Iter 0018 / 0030 | Time 0.0s | Iter Loss 0.0552 | Iter Mean Loss 0.0620
2023-10-13 10:16:17,243 - root - INFO - KG Training: Epoch 0010 Iter 0019 / 0030 | Time 0.0s | Iter Loss 0.0137 | Iter Mean Loss 0.0595
2023-10-13 10:16:17,255 - root - INFO - KG Training: Epoch 0010 Iter 0020 / 0030 | Time 0.0s | Iter Loss 0.0511 | Iter Mean Loss 0.0591
2023-10-13 10:16:17,267 - root - INFO - KG Training: Epoch 0010 Iter 0021 / 0030 | Time 0.0s | Iter Loss 0.0169 | Iter Mean Loss 0.0571
2023-10-13 10:16:17,279 - root - INFO - KG Training: Epoch 0010 Iter 0022 / 0030 | Time 0.0s | Iter Loss 0.0489 | Iter Mean Loss 0.0567
2023-10-13 10:16:17,291 - root - INFO - KG Training: Epoch 0010 Iter 0023 / 0030 | Time 0.0s | Iter Loss 0.0180 | Iter Mean Loss 0.0550
2023-10-13 10:16:17,303 - root - INFO - KG Training: Epoch 0010 Iter 0024 / 0030 | Time 0.0s | Iter Loss 0.0641 | Iter Mean Loss 0.0554
2023-10-13 10:16:17,315 - root - INFO - KG Training: Epoch 0010 Iter 0025 / 0030 | Time 0.0s | Iter Loss 0.0187 | Iter Mean Loss 0.0539
2023-10-13 10:16:17,329 - root - INFO - KG Training: Epoch 0010 Iter 0026 / 0030 | Time 0.0s | Iter Loss 0.1107 | Iter Mean Loss 0.0561
2023-10-13 10:16:17,341 - root - INFO - KG Training: Epoch 0010 Iter 0027 / 0030 | Time 0.0s | Iter Loss 0.0652 | Iter Mean Loss 0.0564
2023-10-13 10:16:17,352 - root - INFO - KG Training: Epoch 0010 Iter 0028 / 0030 | Time 0.0s | Iter Loss 0.0832 | Iter Mean Loss 0.0574
2023-10-13 10:16:17,381 - root - INFO - KG Training: Epoch 0010 Iter 0029 / 0030 | Time 0.0s | Iter Loss 0.0302 | Iter Mean Loss 0.0565
2023-10-13 10:16:17,402 - root - INFO - KG Training: Epoch 0010 Iter 0030 / 0030 | Time 0.0s | Iter Loss 0.0425 | Iter Mean Loss 0.0560
2023-10-13 10:16:17,403 - root - INFO - KG Training: Epoch 0010 Total Iter 0030 | Total Time 0.4s | Iter Mean Loss 0.0560
2023-10-13 10:16:17,412 - root - INFO - Update Attention: Epoch 0010 | Total Time 0.0s
2023-10-13 10:16:17,413 - root - INFO - CF + KG Training: Epoch 0010 | Total Time 0.6s
2023-10-13 10:16:17,538 - root - INFO - CF Evaluation: Epoch 0010 | Total Time 0.1s | Precision [0.0706, 0.0177], Recall [0.3531, 0.8877], NDCG [0.2204, 0.3547]
2023-10-13 10:16:17,559 - root - INFO - Save model on epoch 0010!
2023-10-13 10:16:17,581 - root - INFO - CF Training: Epoch 0011 Iter 0001 / 0011 | Time 0.0s | Iter Loss 0.1788 | Iter Mean Loss 0.1788
2023-10-13 10:16:17,600 - root - INFO - CF Training: Epoch 0011 Iter 0002 / 0011 | Time 0.0s | Iter Loss 0.1482 | Iter Mean Loss 0.1635
2023-10-13 10:16:17,621 - root - INFO - CF Training: Epoch 0011 Iter 0003 / 0011 | Time 0.0s | Iter Loss 0.1785 | Iter Mean Loss 0.1685
2023-10-13 10:16:17,657 - root - INFO - CF Training: Epoch 0011 Iter 0004 / 0011 | Time 0.0s | Iter Loss 0.1833 | Iter Mean Loss 0.1722
2023-10-13 10:16:17,682 - root - INFO - CF Training: Epoch 0011 Iter 0005 / 0011 | Time 0.0s | Iter Loss 0.1674 | Iter Mean Loss 0.1712
2023-10-13 10:16:17,705 - root - INFO - CF Training: Epoch 0011 Iter 0006 / 0011 | Time 0.0s | Iter Loss 0.1515 | Iter Mean Loss 0.1679
2023-10-13 10:16:17,726 - root - INFO - CF Training: Epoch 0011 Iter 0007 / 0011 | Time 0.0s | Iter Loss 0.1453 | Iter Mean Loss 0.1647
2023-10-13 10:16:17,746 - root - INFO - CF Training: Epoch 0011 Iter 0008 / 0011 | Time 0.0s | Iter Loss 0.1535 | Iter Mean Loss 0.1633
2023-10-13 10:16:17,766 - root - INFO - CF Training: Epoch 0011 Iter 0009 / 0011 | Time 0.0s | Iter Loss 0.1393 | Iter Mean Loss 0.1606
2023-10-13 10:16:17,787 - root - INFO - CF Training: Epoch 0011 Iter 0010 / 0011 | Time 0.0s | Iter Loss 0.1451 | Iter Mean Loss 0.1591
2023-10-13 10:16:17,807 - root - INFO - CF Training: Epoch 0011 Iter 0011 / 0011 | Time 0.0s | Iter Loss 0.1376 | Iter Mean Loss 0.1571
2023-10-13 10:16:17,808 - root - INFO - CF Training: Epoch 0011 Total Iter 0011 | Total Time 0.2s | Iter Mean Loss 0.1571
2023-10-13 10:16:17,821 - root - INFO - KG Training: Epoch 0011 Iter 0001 / 0030 | Time 0.0s | Iter Loss 0.0190 | Iter Mean Loss 0.0190
2023-10-13 10:16:17,834 - root - INFO - KG Training: Epoch 0011 Iter 0002 / 0030 | Time 0.0s | Iter Loss 0.0154 | Iter Mean Loss 0.0172
2023-10-13 10:16:17,858 - root - INFO - KG Training: Epoch 0011 Iter 0003 / 0030 | Time 0.0s | Iter Loss 0.1472 | Iter Mean Loss 0.0606
2023-10-13 10:16:17,874 - root - INFO - KG Training: Epoch 0011 Iter 0004 / 0030 | Time 0.0s | Iter Loss 0.1234 | Iter Mean Loss 0.0763
2023-10-13 10:16:17,889 - root - INFO - KG Training: Epoch 0011 Iter 0005 / 0030 | Time 0.0s | Iter Loss 0.0398 | Iter Mean Loss 0.0690
2023-10-13 10:16:17,909 - root - INFO - KG Training: Epoch 0011 Iter 0006 / 0030 | Time 0.0s | Iter Loss 0.0316 | Iter Mean Loss 0.0628
2023-10-13 10:16:17,928 - root - INFO - KG Training: Epoch 0011 Iter 0007 / 0030 | Time 0.0s | Iter Loss 0.0933 | Iter Mean Loss 0.0671
2023-10-13 10:16:17,943 - root - INFO - KG Training: Epoch 0011 Iter 0008 / 0030 | Time 0.0s | Iter Loss 0.0623 | Iter Mean Loss 0.0665
2023-10-13 10:16:17,970 - root - INFO - KG Training: Epoch 0011 Iter 0009 / 0030 | Time 0.0s | Iter Loss 0.0418 | Iter Mean Loss 0.0638
2023-10-13 10:16:17,995 - root - INFO - KG Training: Epoch 0011 Iter 0010 / 0030 | Time 0.0s | Iter Loss 0.0306 | Iter Mean Loss 0.0605
2023-10-13 10:16:18,014 - root - INFO - KG Training: Epoch 0011 Iter 0011 / 0030 | Time 0.0s | Iter Loss 0.0578 | Iter Mean Loss 0.0602
2023-10-13 10:16:18,029 - root - INFO - KG Training: Epoch 0011 Iter 0012 / 0030 | Time 0.0s | Iter Loss 0.0339 | Iter Mean Loss 0.0580
2023-10-13 10:16:18,042 - root - INFO - KG Training: Epoch 0011 Iter 0013 / 0030 | Time 0.0s | Iter Loss 0.0330 | Iter Mean Loss 0.0561
2023-10-13 10:16:18,063 - root - INFO - KG Training: Epoch 0011 Iter 0014 / 0030 | Time 0.0s | Iter Loss 0.0168 | Iter Mean Loss 0.0533
2023-10-13 10:16:18,078 - root - INFO - KG Training: Epoch 0011 Iter 0015 / 0030 | Time 0.0s | Iter Loss 0.0352 | Iter Mean Loss 0.0521
2023-10-13 10:16:18,099 - root - INFO - KG Training: Epoch 0011 Iter 0016 / 0030 | Time 0.0s | Iter Loss 0.0188 | Iter Mean Loss 0.0500
2023-10-13 10:16:18,114 - root - INFO - KG Training: Epoch 0011 Iter 0017 / 0030 | Time 0.0s | Iter Loss 0.0528 | Iter Mean Loss 0.0502
2023-10-13 10:16:18,126 - root - INFO - KG Training: Epoch 0011 Iter 0018 / 0030 | Time 0.0s | Iter Loss 0.0314 | Iter Mean Loss 0.0491
2023-10-13 10:16:18,138 - root - INFO - KG Training: Epoch 0011 Iter 0019 / 0030 | Time 0.0s | Iter Loss 0.0175 | Iter Mean Loss 0.0475
2023-10-13 10:16:18,150 - root - INFO - KG Training: Epoch 0011 Iter 0020 / 0030 | Time 0.0s | Iter Loss 0.0692 | Iter Mean Loss 0.0485
2023-10-13 10:16:18,162 - root - INFO - KG Training: Epoch 0011 Iter 0021 / 0030 | Time 0.0s | Iter Loss 0.0435 | Iter Mean Loss 0.0483
2023-10-13 10:16:18,174 - root - INFO - KG Training: Epoch 0011 Iter 0022 / 0030 | Time 0.0s | Iter Loss 0.0930 | Iter Mean Loss 0.0503
2023-10-13 10:16:18,186 - root - INFO - KG Training: Epoch 0011 Iter 0023 / 0030 | Time 0.0s | Iter Loss 0.0259 | Iter Mean Loss 0.0493
2023-10-13 10:16:18,198 - root - INFO - KG Training: Epoch 0011 Iter 0024 / 0030 | Time 0.0s | Iter Loss 0.0296 | Iter Mean Loss 0.0485
2023-10-13 10:16:18,210 - root - INFO - KG Training: Epoch 0011 Iter 0025 / 0030 | Time 0.0s | Iter Loss 0.0454 | Iter Mean Loss 0.0483
2023-10-13 10:16:18,222 - root - INFO - KG Training: Epoch 0011 Iter 0026 / 0030 | Time 0.0s | Iter Loss 0.0370 | Iter Mean Loss 0.0479
2023-10-13 10:16:18,234 - root - INFO - KG Training: Epoch 0011 Iter 0027 / 0030 | Time 0.0s | Iter Loss 0.0139 | Iter Mean Loss 0.0466
2023-10-13 10:16:18,246 - root - INFO - KG Training: Epoch 0011 Iter 0028 / 0030 | Time 0.0s | Iter Loss 0.0430 | Iter Mean Loss 0.0465
2023-10-13 10:16:18,266 - root - INFO - KG Training: Epoch 0011 Iter 0029 / 0030 | Time 0.0s | Iter Loss 0.0408 | Iter Mean Loss 0.0463
2023-10-13 10:16:18,281 - root - INFO - KG Training: Epoch 0011 Iter 0030 / 0030 | Time 0.0s | Iter Loss 0.0724 | Iter Mean Loss 0.0472
2023-10-13 10:16:18,281 - root - INFO - KG Training: Epoch 0011 Total Iter 0030 | Total Time 0.5s | Iter Mean Loss 0.0472
2023-10-13 10:16:18,297 - root - INFO - Update Attention: Epoch 0011 | Total Time 0.0s
2023-10-13 10:16:18,298 - root - INFO - CF + KG Training: Epoch 0011 | Total Time 0.7s
2023-10-13 10:16:18,321 - root - INFO - CF Training: Epoch 0012 Iter 0001 / 0011 | Time 0.0s | Iter Loss 0.1581 | Iter Mean Loss 0.1581
2023-10-13 10:16:18,360 - root - INFO - CF Training: Epoch 0012 Iter 0002 / 0011 | Time 0.0s | Iter Loss 0.1321 | Iter Mean Loss 0.1451
2023-10-13 10:16:18,395 - root - INFO - CF Training: Epoch 0012 Iter 0003 / 0011 | Time 0.0s | Iter Loss 0.1598 | Iter Mean Loss 0.1500
2023-10-13 10:16:18,421 - root - INFO - CF Training: Epoch 0012 Iter 0004 / 0011 | Time 0.0s | Iter Loss 0.1442 | Iter Mean Loss 0.1485
2023-10-13 10:16:18,443 - root - INFO - CF Training: Epoch 0012 Iter 0005 / 0011 | Time 0.0s | Iter Loss 0.1458 | Iter Mean Loss 0.1480
2023-10-13 10:16:18,466 - root - INFO - CF Training: Epoch 0012 Iter 0006 / 0011 | Time 0.0s | Iter Loss 0.1510 | Iter Mean Loss 0.1485
2023-10-13 10:16:18,488 - root - INFO - CF Training: Epoch 0012 Iter 0007 / 0011 | Time 0.0s | Iter Loss 0.1435 | Iter Mean Loss 0.1478
2023-10-13 10:16:18,509 - root - INFO - CF Training: Epoch 0012 Iter 0008 / 0011 | Time 0.0s | Iter Loss 0.1425 | Iter Mean Loss 0.1471
2023-10-13 10:16:18,530 - root - INFO - CF Training: Epoch 0012 Iter 0009 / 0011 | Time 0.0s | Iter Loss 0.1389 | Iter Mean Loss 0.1462
2023-10-13 10:16:18,550 - root - INFO - CF Training: Epoch 0012 Iter 0010 / 0011 | Time 0.0s | Iter Loss 0.1225 | Iter Mean Loss 0.1438
2023-10-13 10:16:18,571 - root - INFO - CF Training: Epoch 0012 Iter 0011 / 0011 | Time 0.0s | Iter Loss 0.1094 | Iter Mean Loss 0.1407
2023-10-13 10:16:18,571 - root - INFO - CF Training: Epoch 0012 Total Iter 0011 | Total Time 0.3s | Iter Mean Loss 0.1407
2023-10-13 10:16:18,585 - root - INFO - KG Training: Epoch 0012 Iter 0001 / 0030 | Time 0.0s | Iter Loss 0.0523 | Iter Mean Loss 0.0523
2023-10-13 10:16:18,598 - root - INFO - KG Training: Epoch 0012 Iter 0002 / 0030 | Time 0.0s | Iter Loss 0.0126 | Iter Mean Loss 0.0325
2023-10-13 10:16:18,611 - root - INFO - KG Training: Epoch 0012 Iter 0003 / 0030 | Time 0.0s | Iter Loss 0.0737 | Iter Mean Loss 0.0462
2023-10-13 10:16:18,623 - root - INFO - KG Training: Epoch 0012 Iter 0004 / 0030 | Time 0.0s | Iter Loss 0.1048 | Iter Mean Loss 0.0609
2023-10-13 10:16:18,636 - root - INFO - KG Training: Epoch 0012 Iter 0005 / 0030 | Time 0.0s | Iter Loss 0.0564 | Iter Mean Loss 0.0600
2023-10-13 10:16:18,648 - root - INFO - KG Training: Epoch 0012 Iter 0006 / 0030 | Time 0.0s | Iter Loss 0.0987 | Iter Mean Loss 0.0664
2023-10-13 10:16:18,660 - root - INFO - KG Training: Epoch 0012 Iter 0007 / 0030 | Time 0.0s | Iter Loss 0.0062 | Iter Mean Loss 0.0578
2023-10-13 10:16:18,673 - root - INFO - KG Training: Epoch 0012 Iter 0008 / 0030 | Time 0.0s | Iter Loss 0.0551 | Iter Mean Loss 0.0575
2023-10-13 10:16:18,684 - root - INFO - KG Training: Epoch 0012 Iter 0009 / 0030 | Time 0.0s | Iter Loss 0.1227 | Iter Mean Loss 0.0647
2023-10-13 10:16:18,696 - root - INFO - KG Training: Epoch 0012 Iter 0010 / 0030 | Time 0.0s | Iter Loss 0.0149 | Iter Mean Loss 0.0597
2023-10-13 10:16:18,707 - root - INFO - KG Training: Epoch 0012 Iter 0011 / 0030 | Time 0.0s | Iter Loss 0.0136 | Iter Mean Loss 0.0556
2023-10-13 10:16:18,719 - root - INFO - KG Training: Epoch 0012 Iter 0012 / 0030 | Time 0.0s | Iter Loss 0.0368 | Iter Mean Loss 0.0540
2023-10-13 10:16:18,744 - root - INFO - KG Training: Epoch 0012 Iter 0013 / 0030 | Time 0.0s | Iter Loss 0.0183 | Iter Mean Loss 0.0512
2023-10-13 10:16:18,759 - root - INFO - KG Training: Epoch 0012 Iter 0014 / 0030 | Time 0.0s | Iter Loss 0.0624 | Iter Mean Loss 0.0520
2023-10-13 10:16:18,779 - root - INFO - KG Training: Epoch 0012 Iter 0015 / 0030 | Time 0.0s | Iter Loss 0.0698 | Iter Mean Loss 0.0532
2023-10-13 10:16:18,792 - root - INFO - KG Training: Epoch 0012 Iter 0016 / 0030 | Time 0.0s | Iter Loss 0.2234 | Iter Mean Loss 0.0639
2023-10-13 10:16:18,804 - root - INFO - KG Training: Epoch 0012 Iter 0017 / 0030 | Time 0.0s | Iter Loss 0.0063 | Iter Mean Loss 0.0605
2023-10-13 10:16:18,815 - root - INFO - KG Training: Epoch 0012 Iter 0018 / 0030 | Time 0.0s | Iter Loss 0.0815 | Iter Mean Loss 0.0616
2023-10-13 10:16:18,826 - root - INFO - KG Training: Epoch 0012 Iter 0019 / 0030 | Time 0.0s | Iter Loss 0.0406 | Iter Mean Loss 0.0605
2023-10-13 10:16:18,838 - root - INFO - KG Training: Epoch 0012 Iter 0020 / 0030 | Time 0.0s | Iter Loss 0.0852 | Iter Mean Loss 0.0618
2023-10-13 10:16:18,859 - root - INFO - KG Training: Epoch 0012 Iter 0021 / 0030 | Time 0.0s | Iter Loss 0.1279 | Iter Mean Loss 0.0649
2023-10-13 10:16:18,874 - root - INFO - KG Training: Epoch 0012 Iter 0022 / 0030 | Time 0.0s | Iter Loss 0.0377 | Iter Mean Loss 0.0637
2023-10-13 10:16:18,886 - root - INFO - KG Training: Epoch 0012 Iter 0023 / 0030 | Time 0.0s | Iter Loss 0.0823 | Iter Mean Loss 0.0645
2023-10-13 10:16:18,897 - root - INFO - KG Training: Epoch 0012 Iter 0024 / 0030 | Time 0.0s | Iter Loss 0.0079 | Iter Mean Loss 0.0621
2023-10-13 10:16:18,908 - root - INFO - KG Training: Epoch 0012 Iter 0025 / 0030 | Time 0.0s | Iter Loss 0.0254 | Iter Mean Loss 0.0607
2023-10-13 10:16:18,919 - root - INFO - KG Training: Epoch 0012 Iter 0026 / 0030 | Time 0.0s | Iter Loss 0.0583 | Iter Mean Loss 0.0606
2023-10-13 10:16:18,930 - root - INFO - KG Training: Epoch 0012 Iter 0027 / 0030 | Time 0.0s | Iter Loss 0.0563 | Iter Mean Loss 0.0604
2023-10-13 10:16:18,941 - root - INFO - KG Training: Epoch 0012 Iter 0028 / 0030 | Time 0.0s | Iter Loss 0.0231 | Iter Mean Loss 0.0591
2023-10-13 10:16:18,952 - root - INFO - KG Training: Epoch 0012 Iter 0029 / 0030 | Time 0.0s | Iter Loss 0.0417 | Iter Mean Loss 0.0585
2023-10-13 10:16:18,963 - root - INFO - KG Training: Epoch 0012 Iter 0030 / 0030 | Time 0.0s | Iter Loss 0.0160 | Iter Mean Loss 0.0571
2023-10-13 10:16:18,964 - root - INFO - KG Training: Epoch 0012 Total Iter 0030 | Total Time 0.4s | Iter Mean Loss 0.0571
2023-10-13 10:16:18,972 - root - INFO - Update Attention: Epoch 0012 | Total Time 0.0s
2023-10-13 10:16:18,973 - root - INFO - CF + KG Training: Epoch 0012 | Total Time 0.7s
2023-10-13 10:16:18,995 - root - INFO - CF Training: Epoch 0013 Iter 0001 / 0011 | Time 0.0s | Iter Loss 0.1386 | Iter Mean Loss 0.1386
2023-10-13 10:16:19,018 - root - INFO - CF Training: Epoch 0013 Iter 0002 / 0011 | Time 0.0s | Iter Loss 0.1373 | Iter Mean Loss 0.1380
2023-10-13 10:16:19,039 - root - INFO - CF Training: Epoch 0013 Iter 0003 / 0011 | Time 0.0s | Iter Loss 0.1469 | Iter Mean Loss 0.1409
2023-10-13 10:16:19,059 - root - INFO - CF Training: Epoch 0013 Iter 0004 / 0011 | Time 0.0s | Iter Loss 0.1332 | Iter Mean Loss 0.1390
2023-10-13 10:16:19,079 - root - INFO - CF Training: Epoch 0013 Iter 0005 / 0011 | Time 0.0s | Iter Loss 0.1375 | Iter Mean Loss 0.1387
2023-10-13 10:16:19,100 - root - INFO - CF Training: Epoch 0013 Iter 0006 / 0011 | Time 0.0s | Iter Loss 0.1444 | Iter Mean Loss 0.1397
2023-10-13 10:16:19,120 - root - INFO - CF Training: Epoch 0013 Iter 0007 / 0011 | Time 0.0s | Iter Loss 0.1288 | Iter Mean Loss 0.1381
2023-10-13 10:16:19,141 - root - INFO - CF Training: Epoch 0013 Iter 0008 / 0011 | Time 0.0s | Iter Loss 0.1157 | Iter Mean Loss 0.1353
2023-10-13 10:16:19,161 - root - INFO - CF Training: Epoch 0013 Iter 0009 / 0011 | Time 0.0s | Iter Loss 0.1355 | Iter Mean Loss 0.1353
2023-10-13 10:16:19,194 - root - INFO - CF Training: Epoch 0013 Iter 0010 / 0011 | Time 0.0s | Iter Loss 0.1269 | Iter Mean Loss 0.1345
2023-10-13 10:16:19,219 - root - INFO - CF Training: Epoch 0013 Iter 0011 / 0011 | Time 0.0s | Iter Loss 0.1302 | Iter Mean Loss 0.1341
2023-10-13 10:16:19,220 - root - INFO - CF Training: Epoch 0013 Total Iter 0011 | Total Time 0.2s | Iter Mean Loss 0.1341
2023-10-13 10:16:19,235 - root - INFO - KG Training: Epoch 0013 Iter 0001 / 0030 | Time 0.0s | Iter Loss 0.0757 | Iter Mean Loss 0.0757
2023-10-13 10:16:19,248 - root - INFO - KG Training: Epoch 0013 Iter 0002 / 0030 | Time 0.0s | Iter Loss 0.1918 | Iter Mean Loss 0.1338
2023-10-13 10:16:19,260 - root - INFO - KG Training: Epoch 0013 Iter 0003 / 0030 | Time 0.0s | Iter Loss 0.0510 | Iter Mean Loss 0.1062
2023-10-13 10:16:19,280 - root - INFO - KG Training: Epoch 0013 Iter 0004 / 0030 | Time 0.0s | Iter Loss 0.0388 | Iter Mean Loss 0.0893
2023-10-13 10:16:19,296 - root - INFO - KG Training: Epoch 0013 Iter 0005 / 0030 | Time 0.0s | Iter Loss 0.0631 | Iter Mean Loss 0.0841
2023-10-13 10:16:19,315 - root - INFO - KG Training: Epoch 0013 Iter 0006 / 0030 | Time 0.0s | Iter Loss 0.0743 | Iter Mean Loss 0.0825
2023-10-13 10:16:19,329 - root - INFO - KG Training: Epoch 0013 Iter 0007 / 0030 | Time 0.0s | Iter Loss 0.0183 | Iter Mean Loss 0.0733
2023-10-13 10:16:19,341 - root - INFO - KG Training: Epoch 0013 Iter 0008 / 0030 | Time 0.0s | Iter Loss 0.0544 | Iter Mean Loss 0.0709
2023-10-13 10:16:19,352 - root - INFO - KG Training: Epoch 0013 Iter 0009 / 0030 | Time 0.0s | Iter Loss 0.0067 | Iter Mean Loss 0.0638
2023-10-13 10:16:19,363 - root - INFO - KG Training: Epoch 0013 Iter 0010 / 0030 | Time 0.0s | Iter Loss 0.0291 | Iter Mean Loss 0.0603
2023-10-13 10:16:19,380 - root - INFO - KG Training: Epoch 0013 Iter 0011 / 0030 | Time 0.0s | Iter Loss 0.0099 | Iter Mean Loss 0.0557
2023-10-13 10:16:19,392 - root - INFO - KG Training: Epoch 0013 Iter 0012 / 0030 | Time 0.0s | Iter Loss 0.1388 | Iter Mean Loss 0.0627
2023-10-13 10:16:19,416 - root - INFO - KG Training: Epoch 0013 Iter 0013 / 0030 | Time 0.0s | Iter Loss 0.0874 | Iter Mean Loss 0.0646
2023-10-13 10:16:19,433 - root - INFO - KG Training: Epoch 0013 Iter 0014 / 0030 | Time 0.0s | Iter Loss 0.0357 | Iter Mean Loss 0.0625
2023-10-13 10:16:19,447 - root - INFO - KG Training: Epoch 0013 Iter 0015 / 0030 | Time 0.0s | Iter Loss 0.0864 | Iter Mean Loss 0.0641
2023-10-13 10:16:19,475 - root - INFO - KG Training: Epoch 0013 Iter 0016 / 0030 | Time 0.0s | Iter Loss 0.0902 | Iter Mean Loss 0.0657
2023-10-13 10:16:19,501 - root - INFO - KG Training: Epoch 0013 Iter 0017 / 0030 | Time 0.0s | Iter Loss 0.0580 | Iter Mean Loss 0.0653
2023-10-13 10:16:19,517 - root - INFO - KG Training: Epoch 0013 Iter 0018 / 0030 | Time 0.0s | Iter Loss 0.0842 | Iter Mean Loss 0.0663
2023-10-13 10:16:19,538 - root - INFO - KG Training: Epoch 0013 Iter 0019 / 0030 | Time 0.0s | Iter Loss 0.0328 | Iter Mean Loss 0.0646
2023-10-13 10:16:19,551 - root - INFO - KG Training: Epoch 0013 Iter 0020 / 0030 | Time 0.0s | Iter Loss 0.0857 | Iter Mean Loss 0.0656
2023-10-13 10:16:19,576 - root - INFO - KG Training: Epoch 0013 Iter 0021 / 0030 | Time 0.0s | Iter Loss 0.0045 | Iter Mean Loss 0.0627
2023-10-13 10:16:19,603 - root - INFO - KG Training: Epoch 0013 Iter 0022 / 0030 | Time 0.0s | Iter Loss 0.0667 | Iter Mean Loss 0.0629
2023-10-13 10:16:19,620 - root - INFO - KG Training: Epoch 0013 Iter 0023 / 0030 | Time 0.0s | Iter Loss 0.0248 | Iter Mean Loss 0.0612
2023-10-13 10:16:19,633 - root - INFO - KG Training: Epoch 0013 Iter 0024 / 0030 | Time 0.0s | Iter Loss 0.0721 | Iter Mean Loss 0.0617
2023-10-13 10:16:19,651 - root - INFO - KG Training: Epoch 0013 Iter 0025 / 0030 | Time 0.0s | Iter Loss 0.0242 | Iter Mean Loss 0.0602
2023-10-13 10:16:19,665 - root - INFO - KG Training: Epoch 0013 Iter 0026 / 0030 | Time 0.0s | Iter Loss 0.0435 | Iter Mean Loss 0.0595
2023-10-13 10:16:19,676 - root - INFO - KG Training: Epoch 0013 Iter 0027 / 0030 | Time 0.0s | Iter Loss 0.0635 | Iter Mean Loss 0.0597
2023-10-13 10:16:19,686 - root - INFO - KG Training: Epoch 0013 Iter 0028 / 0030 | Time 0.0s | Iter Loss 0.0315 | Iter Mean Loss 0.0587
2023-10-13 10:16:19,698 - root - INFO - KG Training: Epoch 0013 Iter 0029 / 0030 | Time 0.0s | Iter Loss 0.0379 | Iter Mean Loss 0.0580
2023-10-13 10:16:19,723 - root - INFO - KG Training: Epoch 0013 Iter 0030 / 0030 | Time 0.0s | Iter Loss 0.0159 | Iter Mean Loss 0.0566
2023-10-13 10:16:19,723 - root - INFO - KG Training: Epoch 0013 Total Iter 0030 | Total Time 0.5s | Iter Mean Loss 0.0566
2023-10-13 10:16:19,733 - root - INFO - Update Attention: Epoch 0013 | Total Time 0.0s
2023-10-13 10:16:19,734 - root - INFO - CF + KG Training: Epoch 0013 | Total Time 0.8s
2023-10-13 10:16:19,774 - root - INFO - CF Training: Epoch 0014 Iter 0001 / 0011 | Time 0.0s | Iter Loss 0.1430 | Iter Mean Loss 0.1430
2023-10-13 10:16:19,800 - root - INFO - CF Training: Epoch 0014 Iter 0002 / 0011 | Time 0.0s | Iter Loss 0.1181 | Iter Mean Loss 0.1305
2023-10-13 10:16:19,825 - root - INFO - CF Training: Epoch 0014 Iter 0003 / 0011 | Time 0.0s | Iter Loss 0.0938 | Iter Mean Loss 0.1183
2023-10-13 10:16:19,848 - root - INFO - CF Training: Epoch 0014 Iter 0004 / 0011 | Time 0.0s | Iter Loss 0.1225 | Iter Mean Loss 0.1194
2023-10-13 10:16:19,872 - root - INFO - CF Training: Epoch 0014 Iter 0005 / 0011 | Time 0.0s | Iter Loss 0.1120 | Iter Mean Loss 0.1179
2023-10-13 10:16:19,893 - root - INFO - CF Training: Epoch 0014 Iter 0006 / 0011 | Time 0.0s | Iter Loss 0.1072 | Iter Mean Loss 0.1161
2023-10-13 10:16:19,914 - root - INFO - CF Training: Epoch 0014 Iter 0007 / 0011 | Time 0.0s | Iter Loss 0.1204 | Iter Mean Loss 0.1167
2023-10-13 10:16:19,933 - root - INFO - CF Training: Epoch 0014 Iter 0008 / 0011 | Time 0.0s | Iter Loss 0.1101 | Iter Mean Loss 0.1159
2023-10-13 10:16:19,955 - root - INFO - CF Training: Epoch 0014 Iter 0009 / 0011 | Time 0.0s | Iter Loss 0.1249 | Iter Mean Loss 0.1169
